[Header]
Signature=VISE
Version=0001
RemoveInUseFiles=1
RegistryKeyName=Age of Empires II - The Conquerors Expansion
Product Name=Age of Empires II - The Conquerors Expansion
[WinNT]
AdminPrivileges=1
[Directories2]
0=C:\Program Files
count=32
1=C:\Program Files\Age of Empires II
2=C:\Program Files\Age of Empires II\Age2_x1
3=C:\Program Files\Age of Empires II\AI
4=C:\Program Files\Age of Empires II\Avi
5=C:\Program Files\Age of Empires II\Campaign
6=C:\Program Files\Age of Empires II\Campaign\Media
7=C:\Program Files\Age of Empires II\Data
8=C:\Program Files\Age of Empires II\Data\Load
9=C:\Program Files\Age of Empires II\DOCS
10=C:\Program Files\Age of Empires II\FONTS
11=C:\Program Files\Age of Empires II\Goodies
12=C:\Program Files\Age of Empires II\Goodies\AISCRIPT
13=C:\Program Files\Age of Empires II\Goodies\RMSCRIPT
14=C:\Program Files\Age of Empires II\History
15=C:\Program Files\Age of Empires II\Learn
16=C:\Program Files\Age of Empires II\Random
17=C:\Program Files\Age of Empires II\SaveGame
18=C:\Program Files\Age of Empires II\SaveGame\Multi
19=C:\Program Files\Age of Empires II\Scenario
20=C:\Program Files\Age of Empires II\Sound
21=C:\Program Files\Age of Empires II\Sound\campaign
22=C:\Program Files\Age of Empires II\Sound\scenario
23=C:\Program Files\Age of Empires II\Sound\stream
24=C:\Program Files\Age of Empires II\Sound\terrain
25=C:\Program Files\Age of Empires II\Taunt
26=C:\ProgramData
27=C:\ProgramData\Microsoft
28=C:\ProgramData\Microsoft\Windows
29=C:\ProgramData\Microsoft\Windows\Start Menu
30=C:\ProgramData\Microsoft\Windows\Start Menu\Programs
31=C:\ProgramData\Microsoft\Windows\Start Menu\Programs\Age of Empires II - The Conquerors Expansion
[Files]
count=1230
0=C:\Program Files\Age of Empires II\Age2_x1\age2_x1.exe
1=C:\Program Files\Age of Empires II\AI\AI.txt
2=C:\Program Files\Age of Empires II\Avi\Mslogo.avi
3=C:\Program Files\Age of Empires II\Campaign\cam1.cpn
4=C:\Program Files\Age of Empires II\Campaign\cam2.cpn
5=C:\Program Files\Age of Empires II\Campaign\cam3.cpn
6=C:\Program Files\Age of Empires II\Campaign\cam4.cpn
7=C:\Program Files\Age of Empires II\Campaign\cam8.cpn
8=C:\Program Files\Age of Empires II\Campaign\Media\BACKGRD.SLP
9=C:\Program Files\Age of Empires II\Campaign\Media\BACKGRD1.PAL
10=C:\Program Files\Age of Empires II\Campaign\Media\BACKGRD1.SIN
11=C:\Program Files\Age of Empires II\Campaign\Media\BACKGRD1.SLP
12=C:\Program Files\Age of Empires II\Campaign\Media\BACKGRD2.PAL
13=C:\Program Files\Age of Empires II\Campaign\Media\BACKGRD2.SIN
14=C:\Program Files\Age of Empires II\Campaign\Media\BACKGRD2.SLP
15=C:\Program Files\Age of Empires II\Campaign\Media\BACKGRD3.PAL
16=C:\Program Files\Age of Empires II\Campaign\Media\BACKGRD3.SIN
17=C:\Program Files\Age of Empires II\Campaign\Media\BACKGRD3.SLP
18=C:\Program Files\Age of Empires II\Campaign\Media\BACKGRD4.PAL
19=C:\Program Files\Age of Empires II\Campaign\Media\BACKGRD4.SIN
20=C:\Program Files\Age of Empires II\Campaign\Media\BACKGRD4.SLP
21=C:\Program Files\Age of Empires II\Campaign\Media\BACKGRD8.PAL
22=C:\Program Files\Age of Empires II\Campaign\Media\BACKGRD8.SIN
23=C:\Program Files\Age of Empires II\Campaign\Media\BACKGRD8.SLP
24=C:\Program Files\Age of Empires II\Campaign\Media\C1S1_BEG.MM
25=C:\Program Files\Age of Empires II\Campaign\Media\C1S1_BEG.SLP
26=C:\Program Files\Age of Empires II\Campaign\Media\C1S1_END.MM
27=C:\Program Files\Age of Empires II\Campaign\Media\C1S1_END.SLP
28=C:\Program Files\Age of Empires II\Campaign\Media\C1S2_BEG.MM
29=C:\Program Files\Age of Empires II\Campaign\Media\C1S2_BEG.SLP
30=C:\Program Files\Age of Empires II\Campaign\Media\C1S2_END.MM
31=C:\Program Files\Age of Empires II\Campaign\Media\C1S2_END.SLP
32=C:\Program Files\Age of Empires II\Campaign\Media\C1S3_BEG.MM
33=C:\Program Files\Age of Empires II\Campaign\Media\C1S3_BEG.SLP
34=C:\Program Files\Age of Empires II\Campaign\Media\C1S3_END.MM
35=C:\Program Files\Age of Empires II\Campaign\Media\C1S3_END.SLP
36=C:\Program Files\Age of Empires II\Campaign\Media\C1S4_BEG.MM
37=C:\Program Files\Age of Empires II\Campaign\Media\C1S4_BEG.SLP
38=C:\Program Files\Age of Empires II\Campaign\Media\C1S4_END.MM
39=C:\Program Files\Age of Empires II\Campaign\Media\C1S4_END.SLP
40=C:\Program Files\Age of Empires II\Campaign\Media\C1S5_BEG.MM
41=C:\Program Files\Age of Empires II\Campaign\Media\C1S5_BEG.SLP
42=C:\Program Files\Age of Empires II\Campaign\Media\C1S5_END.MM
43=C:\Program Files\Age of Empires II\Campaign\Media\C1S5_END.SLP
44=C:\Program Files\Age of Empires II\Campaign\Media\C1S6_BEG.MM
45=C:\Program Files\Age of Empires II\Campaign\Media\C1S6_BEG.SLP
46=C:\Program Files\Age of Empires II\Campaign\Media\C1S6_END.MM
47=C:\Program Files\Age of Empires II\Campaign\Media\C1S6_END.SLP
48=C:\Program Files\Age of Empires II\Campaign\Media\C2S1_BEG.MM
49=C:\Program Files\Age of Empires II\Campaign\Media\C2S1_BEG.SLP
50=C:\Program Files\Age of Empires II\Campaign\Media\C2S1_END.MM
51=C:\Program Files\Age of Empires II\Campaign\Media\C2S1_END.SLP
52=C:\Program Files\Age of Empires II\Campaign\Media\C2S2_BEG.MM
53=C:\Program Files\Age of Empires II\Campaign\Media\C2S2_BEG.SLP
54=C:\Program Files\Age of Empires II\Campaign\Media\C2S2_END.MM
55=C:\Program Files\Age of Empires II\Campaign\Media\C2S2_END.SLP
56=C:\Program Files\Age of Empires II\Campaign\Media\C2S3_BEG.MM
57=C:\Program Files\Age of Empires II\Campaign\Media\C2S3_BEG.SLP
58=C:\Program Files\Age of Empires II\Campaign\Media\C2S3_END.MM
59=C:\Program Files\Age of Empires II\Campaign\Media\C2S3_END.SLP
60=C:\Program Files\Age of Empires II\Campaign\Media\C2S4_BEG.MM
61=C:\Program Files\Age of Empires II\Campaign\Media\C2S4_BEG.SLP
62=C:\Program Files\Age of Empires II\Campaign\Media\C2S4_END.MM
63=C:\Program Files\Age of Empires II\Campaign\Media\C2S4_END.SLP
64=C:\Program Files\Age of Empires II\Campaign\Media\C2S5_BEG.MM
65=C:\Program Files\Age of Empires II\Campaign\Media\C2S5_BEG.SLP
66=C:\Program Files\Age of Empires II\Campaign\Media\C2S5_END.MM
67=C:\Program Files\Age of Empires II\Campaign\Media\C2S5_END.SLP
68=C:\Program Files\Age of Empires II\Campaign\Media\C2S6_BEG.MM
69=C:\Program Files\Age of Empires II\Campaign\Media\C2S6_BEG.SLP
70=C:\Program Files\Age of Empires II\Campaign\Media\C2S6_END.MM
71=C:\Program Files\Age of Empires II\Campaign\Media\C2S6_END.SLP
72=C:\Program Files\Age of Empires II\Campaign\Media\C3S1_BEG.MM
73=C:\Program Files\Age of Empires II\Campaign\Media\C3S1_BEG.SLP
74=C:\Program Files\Age of Empires II\Campaign\Media\C3S1_END.MM
75=C:\Program Files\Age of Empires II\Campaign\Media\C3S1_END.SLP
76=C:\Program Files\Age of Empires II\Campaign\Media\C3S2_BEG.MM
77=C:\Program Files\Age of Empires II\Campaign\Media\C3S2_BEG.SLP
78=C:\Program Files\Age of Empires II\Campaign\Media\C3S2_END.MM
79=C:\Program Files\Age of Empires II\Campaign\Media\C3S2_END.SLP
80=C:\Program Files\Age of Empires II\Campaign\Media\C3S3_BEG.MM
81=C:\Program Files\Age of Empires II\Campaign\Media\C3S3_BEG.SLP
82=C:\Program Files\Age of Empires II\Campaign\Media\C3S3_END.MM
83=C:\Program Files\Age of Empires II\Campaign\Media\C3S3_END.SLP
84=C:\Program Files\Age of Empires II\Campaign\Media\C3S4_BEG.MM
85=C:\Program Files\Age of Empires II\Campaign\Media\C3S4_BEG.SLP
86=C:\Program Files\Age of Empires II\Campaign\Media\C3S4_END.MM
87=C:\Program Files\Age of Empires II\Campaign\Media\C3S4_END.SLP
88=C:\Program Files\Age of Empires II\Campaign\Media\C3S5_BEG.MM
89=C:\Program Files\Age of Empires II\Campaign\Media\C3S5_BEG.SLP
90=C:\Program Files\Age of Empires II\Campaign\Media\C3S5_END.MM
91=C:\Program Files\Age of Empires II\Campaign\Media\C3S5_END.SLP
92=C:\Program Files\Age of Empires II\Campaign\Media\C3S6_BEG.MM
93=C:\Program Files\Age of Empires II\Campaign\Media\C3S6_BEG.SLP
94=C:\Program Files\Age of Empires II\Campaign\Media\C3S6_END.MM
95=C:\Program Files\Age of Empires II\Campaign\Media\C3S6_END.SLP
96=C:\Program Files\Age of Empires II\Campaign\Media\C4S1_BEG.MM
97=C:\Program Files\Age of Empires II\Campaign\Media\C4S1_BEG.SLP
98=C:\Program Files\Age of Empires II\Campaign\Media\C4S1_END.MM
99=C:\Program Files\Age of Empires II\Campaign\Media\C4S1_END.SLP
100=C:\Program Files\Age of Empires II\Campaign\Media\C4S2_BEG.MM
101=C:\Program Files\Age of Empires II\Campaign\Media\C4S2_BEG.SLP
102=C:\Program Files\Age of Empires II\Campaign\Media\C4S2_END.MM
103=C:\Program Files\Age of Empires II\Campaign\Media\C4S2_END.SLP
104=C:\Program Files\Age of Empires II\Campaign\Media\C4S3_BEG.MM
105=C:\Program Files\Age of Empires II\Campaign\Media\C4S3_BEG.SLP
106=C:\Program Files\Age of Empires II\Campaign\Media\C4S3_END.MM
107=C:\Program Files\Age of Empires II\Campaign\Media\C4S3_END.SLP
108=C:\Program Files\Age of Empires II\Campaign\Media\C4S4_BEG.MM
109=C:\Program Files\Age of Empires II\Campaign\Media\C4S4_BEG.SLP
110=C:\Program Files\Age of Empires II\Campaign\Media\C4S4_END.MM
111=C:\Program Files\Age of Empires II\Campaign\Media\C4S4_END.SLP
112=C:\Program Files\Age of Empires II\Campaign\Media\C4S5_BEG.MM
113=C:\Program Files\Age of Empires II\Campaign\Media\C4S5_BEG.SLP
114=C:\Program Files\Age of Empires II\Campaign\Media\C4S5_END.MM
115=C:\Program Files\Age of Empires II\Campaign\Media\C4S5_END.SLP
116=C:\Program Files\Age of Empires II\Campaign\Media\C4S6_BEG.MM
117=C:\Program Files\Age of Empires II\Campaign\Media\C4S6_BEG.SLP
118=C:\Program Files\Age of Empires II\Campaign\Media\C4S6_END.MM
119=C:\Program Files\Age of Empires II\Campaign\Media\C4S6_END.SLP
120=C:\Program Files\Age of Empires II\Campaign\Media\C8S1_BEG.MM
121=C:\Program Files\Age of Empires II\Campaign\Media\C8S1_BEG.SLP
122=C:\Program Files\Age of Empires II\Campaign\Media\C8S1_END.MM
123=C:\Program Files\Age of Empires II\Campaign\Media\C8S1_END.SLP
124=C:\Program Files\Age of Empires II\Campaign\Media\C8S2_BEG.MM
125=C:\Program Files\Age of Empires II\Campaign\Media\C8S2_BEG.SLP
126=C:\Program Files\Age of Empires II\Campaign\Media\C8S2_END.MM
127=C:\Program Files\Age of Empires II\Campaign\Media\C8S2_END.SLP
128=C:\Program Files\Age of Empires II\Campaign\Media\C8S3_BEG.MM
129=C:\Program Files\Age of Empires II\Campaign\Media\C8S3_BEG.SLP
130=C:\Program Files\Age of Empires II\Campaign\Media\C8S3_END.MM
131=C:\Program Files\Age of Empires II\Campaign\Media\C8S3_END.SLP
132=C:\Program Files\Age of Empires II\Campaign\Media\C8S4_BEG.MM
133=C:\Program Files\Age of Empires II\Campaign\Media\C8S4_BEG.SLP
134=C:\Program Files\Age of Empires II\Campaign\Media\C8S4_END.MM
135=C:\Program Files\Age of Empires II\Campaign\Media\C8S4_END.SLP
136=C:\Program Files\Age of Empires II\Campaign\Media\C8S5_BEG.MM
137=C:\Program Files\Age of Empires II\Campaign\Media\C8S5_BEG.SLP
138=C:\Program Files\Age of Empires II\Campaign\Media\C8S5_END.MM
139=C:\Program Files\Age of Empires II\Campaign\Media\C8S5_END.SLP
140=C:\Program Files\Age of Empires II\Campaign\Media\C8S6_BEG.MM
141=C:\Program Files\Age of Empires II\Campaign\Media\C8S6_BEG.SLP
142=C:\Program Files\Age of Empires II\Campaign\Media\C8S6_END.MM
143=C:\Program Files\Age of Empires II\Campaign\Media\C8S6_END.SLP
144=C:\Program Files\Age of Empires II\Campaign\Media\C8S7_BEG.MM
145=C:\Program Files\Age of Empires II\Campaign\Media\C8S7_BEG.SLP
146=C:\Program Files\Age of Empires II\Campaign\Media\C8S7_END.MM
147=C:\Program Files\Age of Empires II\Campaign\Media\C8S7_END.SLP
148=C:\Program Files\Age of Empires II\Campaign\Media\CAM1.BLN
149=C:\Program Files\Age of Empires II\Campaign\Media\CAM2.BLN
150=C:\Program Files\Age of Empires II\Campaign\Media\CAM3.BLN
151=C:\Program Files\Age of Empires II\Campaign\Media\CAM4.BLN
152=C:\Program Files\Age of Empires II\Campaign\Media\CAM8.BLN
153=C:\Program Files\Age of Empires II\Campaign\Media\INTRO.BLN
154=C:\Program Files\Age of Empires II\Campaign\Media\INTRO.MM
155=C:\Program Files\Age of Empires II\Campaign\Media\INTRO.PAL
156=C:\Program Files\Age of Empires II\Campaign\Media\INTRO.SIN
157=C:\Program Files\Age of Empires II\Campaign\Media\INTRO.SLP
158=C:\Program Files\Age of Empires II\Campaign\Media\INTROBKG.SLP
159=C:\Program Files\Age of Empires II\Campaign\Media\x1s1_beg.mm
160=C:\Program Files\Age of Empires II\Campaign\Media\x1s1_beg.slp
161=C:\Program Files\Age of Empires II\Campaign\Media\x1s1_end.mm
162=C:\Program Files\Age of Empires II\Campaign\Media\x1s1_end.slp
163=C:\Program Files\Age of Empires II\Campaign\Media\x1s2_beg.mm
164=C:\Program Files\Age of Empires II\Campaign\Media\x1s2_beg.SLP
165=C:\Program Files\Age of Empires II\Campaign\Media\x1s2_end.mm
166=C:\Program Files\Age of Empires II\Campaign\Media\x1s2_end.SLP
167=C:\Program Files\Age of Empires II\Campaign\Media\x1s3_beg.mm
168=C:\Program Files\Age of Empires II\Campaign\Media\x1s3_beg.SLP
169=C:\Program Files\Age of Empires II\Campaign\Media\x1s3_end.mm
170=C:\Program Files\Age of Empires II\Campaign\Media\x1s3_end.SLP
171=C:\Program Files\Age of Empires II\Campaign\Media\x1s4_beg.mm
172=C:\Program Files\Age of Empires II\Campaign\Media\x1s4_beg.SLP
173=C:\Program Files\Age of Empires II\Campaign\Media\x1s4_end.mm
174=C:\Program Files\Age of Empires II\Campaign\Media\x1s4_end.SLP
175=C:\Program Files\Age of Empires II\Campaign\Media\x1s5_beg.mm
176=C:\Program Files\Age of Empires II\Campaign\Media\x1s5_beg.SLP
177=C:\Program Files\Age of Empires II\Campaign\Media\x1s5_end.mm
178=C:\Program Files\Age of Empires II\Campaign\Media\x1s5_end.SLP
179=C:\Program Files\Age of Empires II\Campaign\Media\x1s6_beg.mm
180=C:\Program Files\Age of Empires II\Campaign\Media\x1s6_beg.SLP
181=C:\Program Files\Age of Empires II\Campaign\Media\x1s6_end.mm
182=C:\Program Files\Age of Empires II\Campaign\Media\x1s6_end.SLP
183=C:\Program Files\Age of Empires II\Campaign\Media\x2s1_beg.mm
184=C:\Program Files\Age of Empires II\Campaign\Media\x2s1_beg.SLP
185=C:\Program Files\Age of Empires II\Campaign\Media\x2s1_end.mm
186=C:\Program Files\Age of Empires II\Campaign\Media\x2s1_end.SLP
187=C:\Program Files\Age of Empires II\Campaign\Media\x2s2_beg.mm
188=C:\Program Files\Age of Empires II\Campaign\Media\x2s2_beg.SLP
189=C:\Program Files\Age of Empires II\Campaign\Media\x2s2_end.mm
190=C:\Program Files\Age of Empires II\Campaign\Media\x2s2_end.SLP
191=C:\Program Files\Age of Empires II\Campaign\Media\x2s3_beg.mm
192=C:\Program Files\Age of Empires II\Campaign\Media\x2s3_beg.SLP
193=C:\Program Files\Age of Empires II\Campaign\Media\x2s3_end.mm
194=C:\Program Files\Age of Empires II\Campaign\Media\x2s3_end.SLP
195=C:\Program Files\Age of Empires II\Campaign\Media\x2s4_beg.mm
196=C:\Program Files\Age of Empires II\Campaign\Media\x2s4_beg.SLP
197=C:\Program Files\Age of Empires II\Campaign\Media\x2s4_end.mm
198=C:\Program Files\Age of Empires II\Campaign\Media\x2s4_end.SLP
199=C:\Program Files\Age of Empires II\Campaign\Media\x2s5_beg.mm
200=C:\Program Files\Age of Empires II\Campaign\Media\x2s5_beg.slp
201=C:\Program Files\Age of Empires II\Campaign\Media\x2s5_end.mm
202=C:\Program Files\Age of Empires II\Campaign\Media\x2s5_end.slp
203=C:\Program Files\Age of Empires II\Campaign\Media\x2s6_beg.mm
204=C:\Program Files\Age of Empires II\Campaign\Media\x2s6_beg.SLP
205=C:\Program Files\Age of Empires II\Campaign\Media\x2s6_end.mm
206=C:\Program Files\Age of Empires II\Campaign\Media\x2s6_end.SLP
207=C:\Program Files\Age of Empires II\Campaign\Media\x3s1_beg.mm
208=C:\Program Files\Age of Empires II\Campaign\Media\x3s1_bEG.slp
209=C:\Program Files\Age of Empires II\Campaign\Media\x3s1_end.mm
210=C:\Program Files\Age of Empires II\Campaign\Media\x3s1_end.SLP
211=C:\Program Files\Age of Empires II\Campaign\Media\x3s2_beg.mm
212=C:\Program Files\Age of Empires II\Campaign\Media\x3s2_beg.SLP
213=C:\Program Files\Age of Empires II\Campaign\Media\x3s2_end.mm
214=C:\Program Files\Age of Empires II\Campaign\Media\x3s2_end.SLP
215=C:\Program Files\Age of Empires II\Campaign\Media\x3s3_beg.mm
216=C:\Program Files\Age of Empires II\Campaign\Media\x3s3_beg.SLP
217=C:\Program Files\Age of Empires II\Campaign\Media\x3s3_end.mm
218=C:\Program Files\Age of Empires II\Campaign\Media\x3s3_end.SLP
219=C:\Program Files\Age of Empires II\Campaign\Media\x3s4_beg.mm
220=C:\Program Files\Age of Empires II\Campaign\Media\x3s4_beg.SLP
221=C:\Program Files\Age of Empires II\Campaign\Media\x3s4_end.mm
222=C:\Program Files\Age of Empires II\Campaign\Media\x3s4_end.SLP
223=C:\Program Files\Age of Empires II\Campaign\Media\x3s5_beg.mm
224=C:\Program Files\Age of Empires II\Campaign\Media\x3s5_beg.SLP
225=C:\Program Files\Age of Empires II\Campaign\Media\x3s5_end.mm
226=C:\Program Files\Age of Empires II\Campaign\Media\x3s5_end.SLP
227=C:\Program Files\Age of Empires II\Campaign\Media\x3s6_beg.mm
228=C:\Program Files\Age of Empires II\Campaign\Media\x3s6_beg.SLP
229=C:\Program Files\Age of Empires II\Campaign\Media\x3s6_end.mm
230=C:\Program Files\Age of Empires II\Campaign\Media\x3s6_end.SLP
231=C:\Program Files\Age of Empires II\Campaign\Media\x4s1_beg.mm
232=C:\Program Files\Age of Empires II\Campaign\Media\x4s1_beg.SLP
233=C:\Program Files\Age of Empires II\Campaign\Media\x4s1_end.mm
234=C:\Program Files\Age of Empires II\Campaign\Media\x4s1_end.SLP
235=C:\Program Files\Age of Empires II\Campaign\Media\x4s2_beg.mm
236=C:\Program Files\Age of Empires II\Campaign\Media\x4s2_beg.SLP
237=C:\Program Files\Age of Empires II\Campaign\Media\x4s2_end.mm
238=C:\Program Files\Age of Empires II\Campaign\Media\x4s2_end.SLP
239=C:\Program Files\Age of Empires II\Campaign\Media\x4s3_beg.mm
240=C:\Program Files\Age of Empires II\Campaign\Media\x4s3_beg.SLP
241=C:\Program Files\Age of Empires II\Campaign\Media\x4s3_end.mm
242=C:\Program Files\Age of Empires II\Campaign\Media\x4s3_end.SLP
243=C:\Program Files\Age of Empires II\Campaign\Media\x4s4_beg.mm
244=C:\Program Files\Age of Empires II\Campaign\Media\x4s4_beg.SLP
245=C:\Program Files\Age of Empires II\Campaign\Media\x4s4_end.mm
246=C:\Program Files\Age of Empires II\Campaign\Media\x4s4_end.SLP
247=C:\Program Files\Age of Empires II\Campaign\Media\x4s5_beg.mm
248=C:\Program Files\Age of Empires II\Campaign\Media\x4s5_beg.SLP
249=C:\Program Files\Age of Empires II\Campaign\Media\x4s5_end.mm
250=C:\Program Files\Age of Empires II\Campaign\Media\x4s5_end.SLP
251=C:\Program Files\Age of Empires II\Campaign\Media\x4s6_beg.mm
252=C:\Program Files\Age of Empires II\Campaign\Media\x4s6_beg.SLP
253=C:\Program Files\Age of Empires II\Campaign\Media\x4s6_end.mm
254=C:\Program Files\Age of Empires II\Campaign\Media\x4s6_end.SLP
255=C:\Program Files\Age of Empires II\Campaign\Media\x4s7_beg.mm
256=C:\Program Files\Age of Empires II\Campaign\Media\x4s7_beg.SLP
257=C:\Program Files\Age of Empires II\Campaign\Media\x4s7_end.mm
258=C:\Program Files\Age of Empires II\Campaign\Media\x4s7_end.SLP
259=C:\Program Files\Age of Empires II\Campaign\Media\x4s8_beg.mm
260=C:\Program Files\Age of Empires II\Campaign\Media\x4s8_beg.SLP
261=C:\Program Files\Age of Empires II\Campaign\Media\x4s8_end.mm
262=C:\Program Files\Age of Empires II\Campaign\Media\x4s8_end.SLP
263=C:\Program Files\Age of Empires II\Campaign\Media\xackgrd1.pal
264=C:\Program Files\Age of Empires II\Campaign\Media\xackgrd1.sin
265=C:\Program Files\Age of Empires II\Campaign\Media\xackgrd1.slp
266=C:\Program Files\Age of Empires II\Campaign\Media\xackgrd2.pal
267=C:\Program Files\Age of Empires II\Campaign\Media\xackgrd2.sin
268=C:\Program Files\Age of Empires II\Campaign\Media\xackgrd2.slp
269=C:\Program Files\Age of Empires II\Campaign\Media\xackgrd3.pal
270=C:\Program Files\Age of Empires II\Campaign\Media\xackgrd3.sin
271=C:\Program Files\Age of Empires II\Campaign\Media\xackgrd3.SLP
272=C:\Program Files\Age of Empires II\Campaign\Media\xackgrd4.pal
273=C:\Program Files\Age of Empires II\Campaign\Media\xackgrd4.sin
274=C:\Program Files\Age of Empires II\Campaign\Media\xackgrd4.slp
275=C:\Program Files\Age of Empires II\Campaign\Media\xcam1.bln
276=C:\Program Files\Age of Empires II\Campaign\Media\xcam2.bln
277=C:\Program Files\Age of Empires II\Campaign\Media\xcam3.bln
278=C:\Program Files\Age of Empires II\Campaign\Media\xcam4.bln
279=C:\Program Files\Age of Empires II\Campaign\xcam1.cpx
280=C:\Program Files\Age of Empires II\Campaign\xcam2.cpx
281=C:\Program Files\Age of Empires II\Campaign\xcam3.cpx
282=C:\Program Files\Age of Empires II\Campaign\xcam4.cpx
283=C:\Program Files\Age of Empires II\Data\blendomatic.dat
284=C:\Program Files\Age of Empires II\Data\BlkEdge.Dat
285=C:\Program Files\Age of Empires II\Data\closedpw.exe
286=C:\Program Files\Age of Empires II\Data\empires2.dat
287=C:\Program Files\Age of Empires II\Data\empires2_x1.dat
288=C:\Program Files\Age of Empires II\Data\empires2_x1_p1.dat
289=C:\Program Files\Age of Empires II\Data\FilterMaps.dat
290=C:\Program Files\Age of Empires II\Data\gamedata.drs
291=C:\Program Files\Age of Empires II\Data\gamedata_x1.drs
292=C:\Program Files\Age of Empires II\Data\gamedata_x1_p1.drs
293=C:\Program Files\Age of Empires II\Data\graphics.drs
294=C:\Program Files\Age of Empires II\Data\interfac.drs
295=C:\Program Files\Age of Empires II\Data\lightMaps.dat
296=C:\Program Files\Age of Empires II\Data\list.cr
297=C:\Program Files\Age of Empires II\Data\list.crx
298=C:\Program Files\Age of Empires II\Data\Load\Load.txt
299=C:\Program Files\Age of Empires II\Data\LoQMaps.dat
300=C:\Program Files\Age of Empires II\Data\PatternMasks.dat
301=C:\Program Files\Age of Empires II\Data\shadow.col
302=C:\Program Files\Age of Empires II\Data\sounds.drs
303=C:\Program Files\Age of Empires II\Data\sounds_x1.drs
304=C:\Program Files\Age of Empires II\Data\STemplet.dat
305=C:\Program Files\Age of Empires II\Data\terrain.drs
306=C:\Program Files\Age of Empires II\Data\TileEdge.Dat
307=C:\Program Files\Age of Empires II\Data\view_icm.dat
308=C:\Program Files\Age of Empires II\DOCS\CPSB.DOC
309=C:\Program Files\Age of Empires II\DOCS\MANUAL.PDF
310=C:\Program Files\Age of Empires II\DOCS\RMSG.DOC
311=C:\Program Files\Age of Empires II\DOCS\TECHTREE.PDF
312=C:\Program Files\Age of Empires II\Goodies\AISCRIPT\SAMPLEAI.AI
313=C:\Program Files\Age of Empires II\Goodies\AISCRIPT\SAMPLEAI.PER
314=C:\Program Files\Age of Empires II\Goodies\RMSCRIPT\HALLOWED.RMS
315=C:\Program Files\Age of Empires II\Goodies\RMSCRIPT\TRADERTS.RMS
316=C:\Program Files\Age of Empires II\History\Armies.txt
317=C:\Program Files\Age of Empires II\History\ArmiesMongols.txt
318=C:\Program Files\Age of Empires II\History\ArmiesOrg.txt
319=C:\Program Files\Age of Empires II\History\ArmiesStrat.txt
320=C:\Program Files\Age of Empires II\History\ArmiesTactics.txt
321=C:\Program Files\Age of Empires II\History\Aztecs.txt
322=C:\Program Files\Age of Empires II\History\barbarianinvaders.txt
323=C:\Program Files\Age of Empires II\History\British original.txt
324=C:\Program Files\Age of Empires II\History\british regular.txt
325=C:\Program Files\Age of Empires II\History\british test.txt
326=C:\Program Files\Age of Empires II\History\british.txt
327=C:\Program Files\Age of Empires II\History\Byzantines.txt
328=C:\Program Files\Age of Empires II\History\CastleDefenses.txt
329=C:\Program Files\Age of Empires II\History\CastleEvolution.txt
330=C:\Program Files\Age of Empires II\History\Castles.txt
331=C:\Program Files\Age of Empires II\History\CastleSiege.txt
332=C:\Program Files\Age of Empires II\History\Celts.txt
333=C:\Program Files\Age of Empires II\History\charlemagne.txt
334=C:\Program Files\Age of Empires II\History\Chinese.txt
335=C:\Program Files\Age of Empires II\History\darkagereligion.txt
336=C:\Program Files\Age of Empires II\History\darkages.txt
337=C:\Program Files\Age of Empires II\History\DarkArmies.txt
338=C:\Program Files\Age of Empires II\History\economy.txt
339=C:\Program Files\Age of Empires II\History\feudalcontract.txt
340=C:\Program Files\Age of Empires II\History\feudalism.txt
341=C:\Program Files\Age of Empires II\History\feudalismdecline.txt
342=C:\Program Files\Age of Empires II\History\Franks.txt
343=C:\Program Files\Age of Empires II\History\Goths.txt
344=C:\Program Files\Age of Empires II\History\Gunpowder.txt
345=C:\Program Files\Age of Empires II\History\history.txt
346=C:\Program Files\Age of Empires II\History\Huns.txt
347=C:\Program Files\Age of Empires II\History\Japanese.txt
348=C:\Program Files\Age of Empires II\History\Knights.txt
349=C:\Program Files\Age of Empires II\History\Koreans.txt
350=C:\Program Files\Age of Empires II\History\latemiddleages.txt
351=C:\Program Files\Age of Empires II\History\Mayans.txt
352=C:\Program Files\Age of Empires II\History\middleages.txt
353=C:\Program Files\Age of Empires II\History\Mongols.txt
354=C:\Program Files\Age of Empires II\History\Naval.txt
355=C:\Program Files\Age of Empires II\History\Persians.txt
356=C:\Program Files\Age of Empires II\History\politics.txt
357=C:\Program Files\Age of Empires II\History\religion.txt
358=C:\Program Files\Age of Empires II\History\renaissance.txt
359=C:\Program Files\Age of Empires II\History\Saracens.txt
360=C:\Program Files\Age of Empires II\History\Spanish.txt
361=C:\Program Files\Age of Empires II\History\technology.txt
362=C:\Program Files\Age of Empires II\History\Teutons.txt
363=C:\Program Files\Age of Empires II\History\thecrusades.txt
364=C:\Program Files\Age of Empires II\History\thefallofrome.txt
365=C:\Program Files\Age of Empires II\History\themanor.txt
366=C:\Program Files\Age of Empires II\History\thevikings.txt
367=C:\Program Files\Age of Empires II\History\Turks.txt
368=C:\Program Files\Age of Empires II\History\Vikings.txt
369=C:\Program Files\Age of Empires II\History\Warfare.txt
370=C:\Program Files\Age of Empires II\History\Weapons.txt
371=C:\Program Files\Age of Empires II\History\WeaponsCav.txt
372=C:\Program Files\Age of Empires II\History\WeaponsHand.txt
373=C:\Program Files\Age of Empires II\History\WeaponsMissile.txt
374=C:\Program Files\Age of Empires II\Learn\caxtor.uh
375=C:\Program Files\Age of Empires II\Learn\Default.uh
376=C:\Program Files\Age of Empires II\Learn\Hellblazer.uh
377=C:\Program Files\Age of Empires II\Learn\Learn.txt
378=C:\Program Files\Age of Empires II\Learn\Myth.uh
379=C:\Program Files\Age of Empires II\Learn\SNap.uh
380=C:\Program Files\Age of Empires II\Random\ES@Canals_v2.rms
381=C:\Program Files\Age of Empires II\Random\ES@Capricious_v2.rms
382=C:\Program Files\Age of Empires II\Random\ES@Dingos_v2.rms
383=C:\Program Files\Age of Empires II\Random\ES@Graveyards_v2.rms
384=C:\Program Files\Age of Empires II\Random\ES@Metropolis_v2.rms
385=C:\Program Files\Age of Empires II\Random\ES@Moats_v2.rms
386=C:\Program Files\Age of Empires II\Random\ES@ParadiseIsland_v2.rms
387=C:\Program Files\Age of Empires II\Random\ES@Pilgrims_v2.rms
388=C:\Program Files\Age of Empires II\Random\ES@Prairie_v2.rms
389=C:\Program Files\Age of Empires II\Random\ES@Seasons_v2.rms
390=C:\Program Files\Age of Empires II\Random\ES@Sherwood_Forest_v2.rms
391=C:\Program Files\Age of Empires II\Random\ES@Sherwood_Heroes_v2.rms
392=C:\Program Files\Age of Empires II\Random\ES@Shipwreck_v2.rms
393=C:\Program Files\Age of Empires II\Random\ES@Team_Glaciers_v2.rms
394=C:\Program Files\Age of Empires II\Random\ES@The_Unknown_v2.rms
395=C:\Program Files\Age of Empires II\Random\Random.txt
396=C:\Program Files\Age of Empires II\SaveGame\Multi\Multi.txt
397=C:\Program Files\Age of Empires II\SaveGame\Multi\tempsave0.msx
398=C:\Program Files\Age of Empires II\SaveGame\Multi\tempsave1.msx
399=C:\Program Files\Age of Empires II\SaveGame\SaveGame.txt
400=C:\Program Files\Age of Empires II\Scenario\default0.scx
401=C:\Program Files\Age of Empires II\Scenario\Medieval Blood Final Version Readme.doc
402=C:\Program Files\Age of Empires II\Scenario\MEdieval Blood Final Version!.scx
403=C:\Program Files\Age of Empires II\Scenario\scenario.inf
404=C:\Program Files\Age of Empires II\Sound\campaign\Campaign.txt
405=C:\Program Files\Age of Empires II\Sound\scenario\a1a.mp3
406=C:\Program Files\Age of Empires II\Sound\scenario\A1AA.mp3
407=C:\Program Files\Age of Empires II\Sound\scenario\a1ab.mp3
408=C:\Program Files\Age of Empires II\Sound\scenario\a1ac.mp3
409=C:\Program Files\Age of Empires II\Sound\scenario\a1ad.mp3
410=C:\Program Files\Age of Empires II\Sound\scenario\a1ae.mp3
411=C:\Program Files\Age of Empires II\Sound\scenario\a1af.mp3
412=C:\Program Files\Age of Empires II\Sound\scenario\a1ag.mp3
413=C:\Program Files\Age of Empires II\Sound\scenario\a1ah.mp3
414=C:\Program Files\Age of Empires II\Sound\scenario\a1b.mp3
415=C:\Program Files\Age of Empires II\Sound\scenario\a1c.mp3
416=C:\Program Files\Age of Empires II\Sound\scenario\a1d.mp3
417=C:\Program Files\Age of Empires II\Sound\scenario\a1e.mp3
418=C:\Program Files\Age of Empires II\Sound\scenario\a1f.mp3
419=C:\Program Files\Age of Empires II\Sound\scenario\a1g.mp3
420=C:\Program Files\Age of Empires II\Sound\scenario\a1h.mp3
421=C:\Program Files\Age of Empires II\Sound\scenario\a1i.mp3
422=C:\Program Files\Age of Empires II\Sound\scenario\a1j.mp3
423=C:\Program Files\Age of Empires II\Sound\scenario\a1k.mp3
424=C:\Program Files\Age of Empires II\Sound\scenario\a1l.mp3
425=C:\Program Files\Age of Empires II\Sound\scenario\a1m.mp3
426=C:\Program Files\Age of Empires II\Sound\scenario\a1n.mp3
427=C:\Program Files\Age of Empires II\Sound\scenario\a1o.mp3
428=C:\Program Files\Age of Empires II\Sound\scenario\a1p.mp3
429=C:\Program Files\Age of Empires II\Sound\scenario\a1q.mp3
430=C:\Program Files\Age of Empires II\Sound\scenario\a1r.mp3
431=C:\Program Files\Age of Empires II\Sound\scenario\a1s.mp3
432=C:\Program Files\Age of Empires II\Sound\scenario\a1t.mp3
433=C:\Program Files\Age of Empires II\Sound\scenario\a1u.mp3
434=C:\Program Files\Age of Empires II\Sound\scenario\a1v.mp3
435=C:\Program Files\Age of Empires II\Sound\scenario\a1w.mp3
436=C:\Program Files\Age of Empires II\Sound\scenario\a1x.mp3
437=C:\Program Files\Age of Empires II\Sound\scenario\a1xa.mp3
438=C:\Program Files\Age of Empires II\Sound\scenario\a1y.mp3
439=C:\Program Files\Age of Empires II\Sound\scenario\a1z.mp3
440=C:\Program Files\Age of Empires II\Sound\scenario\a2a.mp3
441=C:\Program Files\Age of Empires II\Sound\scenario\a2b.mp3
442=C:\Program Files\Age of Empires II\Sound\scenario\a2c.mp3
443=C:\Program Files\Age of Empires II\Sound\scenario\a2d.mp3
444=C:\Program Files\Age of Empires II\Sound\scenario\a2e.mp3
445=C:\Program Files\Age of Empires II\Sound\scenario\a2f.mp3
446=C:\Program Files\Age of Empires II\Sound\scenario\a2g.mp3
447=C:\Program Files\Age of Empires II\Sound\scenario\a2h.mp3
448=C:\Program Files\Age of Empires II\Sound\scenario\a2i.mp3
449=C:\Program Files\Age of Empires II\Sound\scenario\a2j.mp3
450=C:\Program Files\Age of Empires II\Sound\scenario\a2k.mp3
451=C:\Program Files\Age of Empires II\Sound\scenario\a2l.mp3
452=C:\Program Files\Age of Empires II\Sound\scenario\a2m.mp3
453=C:\Program Files\Age of Empires II\Sound\scenario\a2n.mp3
454=C:\Program Files\Age of Empires II\Sound\scenario\a2o.mp3
455=C:\Program Files\Age of Empires II\Sound\scenario\a2p.mp3
456=C:\Program Files\Age of Empires II\Sound\scenario\a2q.mp3
457=C:\Program Files\Age of Empires II\Sound\scenario\a2r.mp3
458=C:\Program Files\Age of Empires II\Sound\scenario\a2s.mp3
459=C:\Program Files\Age of Empires II\Sound\scenario\a3a.mp3
460=C:\Program Files\Age of Empires II\Sound\scenario\a3b.mp3
461=C:\Program Files\Age of Empires II\Sound\scenario\a3c.mp3
462=C:\Program Files\Age of Empires II\Sound\scenario\a3d.mp3
463=C:\Program Files\Age of Empires II\Sound\scenario\a3e.mp3
464=C:\Program Files\Age of Empires II\Sound\scenario\a3f.mp3
465=C:\Program Files\Age of Empires II\Sound\scenario\a3g.mp3
466=C:\Program Files\Age of Empires II\Sound\scenario\a3h.mp3
467=C:\Program Files\Age of Empires II\Sound\scenario\a3i.mp3
468=C:\Program Files\Age of Empires II\Sound\scenario\a3j.mp3
469=C:\Program Files\Age of Empires II\Sound\scenario\a3k.mp3
470=C:\Program Files\Age of Empires II\Sound\scenario\a3l.mp3
471=C:\Program Files\Age of Empires II\Sound\scenario\a3m.mp3
472=C:\Program Files\Age of Empires II\Sound\scenario\a3n.mp3
473=C:\Program Files\Age of Empires II\Sound\scenario\a3o.mp3
474=C:\Program Files\Age of Empires II\Sound\scenario\a3p.mp3
475=C:\Program Files\Age of Empires II\Sound\scenario\a4a.mp3
476=C:\Program Files\Age of Empires II\Sound\scenario\a4b.mp3
477=C:\Program Files\Age of Empires II\Sound\scenario\a4c.mp3
478=C:\Program Files\Age of Empires II\Sound\scenario\a4d.mp3
479=C:\Program Files\Age of Empires II\Sound\scenario\a4e.mp3
480=C:\Program Files\Age of Empires II\Sound\scenario\a4f.mp3
481=C:\Program Files\Age of Empires II\Sound\scenario\a5a.mp3
482=C:\Program Files\Age of Empires II\Sound\scenario\a5b.mp3
483=C:\Program Files\Age of Empires II\Sound\scenario\a5c.mp3
484=C:\Program Files\Age of Empires II\Sound\scenario\a5d.mp3
485=C:\Program Files\Age of Empires II\Sound\scenario\a6a.mp3
486=C:\Program Files\Age of Empires II\Sound\scenario\a6b.mp3
487=C:\Program Files\Age of Empires II\Sound\scenario\Age Up.mp3
488=C:\Program Files\Age of Empires II\Sound\scenario\b1a.mp3
489=C:\Program Files\Age of Empires II\Sound\scenario\b1b.mp3
490=C:\Program Files\Age of Empires II\Sound\scenario\b1c.mp3
491=C:\Program Files\Age of Empires II\Sound\scenario\b1d.mp3
492=C:\Program Files\Age of Empires II\Sound\scenario\b2a.mp3
493=C:\Program Files\Age of Empires II\Sound\scenario\b2b.mp3
494=C:\Program Files\Age of Empires II\Sound\scenario\b2c.mp3
495=C:\Program Files\Age of Empires II\Sound\scenario\b3a.mp3
496=C:\Program Files\Age of Empires II\Sound\scenario\b3aa.mp3
497=C:\Program Files\Age of Empires II\Sound\scenario\b3b.mp3
498=C:\Program Files\Age of Empires II\Sound\scenario\b3c.mp3
499=C:\Program Files\Age of Empires II\Sound\scenario\b3d.mp3
500=C:\Program Files\Age of Empires II\Sound\scenario\b3e.mp3
501=C:\Program Files\Age of Empires II\Sound\scenario\b4b.mp3
502=C:\Program Files\Age of Empires II\Sound\scenario\b4c.mp3
503=C:\Program Files\Age of Empires II\Sound\scenario\b4d.mp3
504=C:\Program Files\Age of Empires II\Sound\scenario\b4e.mp3
505=C:\Program Files\Age of Empires II\Sound\scenario\b4f.mp3
506=C:\Program Files\Age of Empires II\Sound\scenario\b5a.mp3
507=C:\Program Files\Age of Empires II\Sound\scenario\b5b.mp3
508=C:\Program Files\Age of Empires II\Sound\scenario\b5c.mp3
509=C:\Program Files\Age of Empires II\Sound\scenario\b5d.mp3
510=C:\Program Files\Age of Empires II\Sound\scenario\b5e.mp3
511=C:\Program Files\Age of Empires II\Sound\scenario\b5f.mp3
512=C:\Program Files\Age of Empires II\Sound\scenario\b5g.mp3
513=C:\Program Files\Age of Empires II\Sound\scenario\b5h.mp3
514=C:\Program Files\Age of Empires II\Sound\scenario\b5i.mp3
515=C:\Program Files\Age of Empires II\Sound\scenario\b5j.mp3
516=C:\Program Files\Age of Empires II\Sound\scenario\b5k.mp3
517=C:\Program Files\Age of Empires II\Sound\scenario\b5l.mp3
518=C:\Program Files\Age of Empires II\Sound\scenario\b5m.mp3
519=C:\Program Files\Age of Empires II\Sound\scenario\b5n.mp3
520=C:\Program Files\Age of Empires II\Sound\scenario\b5o.mp3
521=C:\Program Files\Age of Empires II\Sound\scenario\b5p.mp3
522=C:\Program Files\Age of Empires II\Sound\scenario\b5q.mp3
523=C:\Program Files\Age of Empires II\Sound\scenario\b6a.mp3
524=C:\Program Files\Age of Empires II\Sound\scenario\b6b.mp3
525=C:\Program Files\Age of Empires II\Sound\scenario\b6c.mp3
526=C:\Program Files\Age of Empires II\Sound\scenario\b6d.mp3
527=C:\Program Files\Age of Empires II\Sound\scenario\b6e.mp3
528=C:\Program Files\Age of Empires II\Sound\scenario\b6f.mp3
529=C:\Program Files\Age of Empires II\Sound\scenario\b6g.mp3
530=C:\Program Files\Age of Empires II\Sound\scenario\b6h.mp3
531=C:\Program Files\Age of Empires II\Sound\scenario\b6i.mp3
532=C:\Program Files\Age of Empires II\Sound\scenario\b6j.mp3
533=C:\Program Files\Age of Empires II\Sound\scenario\b6k.mp3
534=C:\Program Files\Age of Empires II\Sound\scenario\b6l.mp3
535=C:\Program Files\Age of Empires II\Sound\scenario\b6m.mp3
536=C:\Program Files\Age of Empires II\Sound\scenario\b6n.mp3
537=C:\Program Files\Age of Empires II\Sound\scenario\c1a.mp3
538=C:\Program Files\Age of Empires II\Sound\scenario\c1b.mp3
539=C:\Program Files\Age of Empires II\Sound\scenario\c1c.mp3
540=C:\Program Files\Age of Empires II\Sound\scenario\c1d.mp3
541=C:\Program Files\Age of Empires II\Sound\scenario\c1e.mp3
542=C:\Program Files\Age of Empires II\Sound\scenario\c2a.mp3
543=C:\Program Files\Age of Empires II\Sound\scenario\c2b.mp3
544=C:\Program Files\Age of Empires II\Sound\scenario\c2c.mp3
545=C:\Program Files\Age of Empires II\Sound\scenario\c2d.mp3
546=C:\Program Files\Age of Empires II\Sound\scenario\c2e.mp3
547=C:\Program Files\Age of Empires II\Sound\scenario\c2f.mp3
548=C:\Program Files\Age of Empires II\Sound\scenario\c2g.mp3
549=C:\Program Files\Age of Empires II\Sound\scenario\c2h.mp3
550=C:\Program Files\Age of Empires II\Sound\scenario\c2i.mp3
551=C:\Program Files\Age of Empires II\Sound\scenario\c2j.mp3
552=C:\Program Files\Age of Empires II\Sound\scenario\c2k.mp3
553=C:\Program Files\Age of Empires II\Sound\scenario\c2l.mp3
554=C:\Program Files\Age of Empires II\Sound\scenario\c3a.mp3
555=C:\Program Files\Age of Empires II\Sound\scenario\c3b.mp3
556=C:\Program Files\Age of Empires II\Sound\scenario\c3c.mp3
557=C:\Program Files\Age of Empires II\Sound\scenario\c3d.mp3
558=C:\Program Files\Age of Empires II\Sound\scenario\c3e.mp3
559=C:\Program Files\Age of Empires II\Sound\scenario\c3f.mp3
560=C:\Program Files\Age of Empires II\Sound\scenario\c3g.mp3
561=C:\Program Files\Age of Empires II\Sound\scenario\c3h.mp3
562=C:\Program Files\Age of Empires II\Sound\scenario\c4a.mp3
563=C:\Program Files\Age of Empires II\Sound\scenario\c4b.mp3
564=C:\Program Files\Age of Empires II\Sound\scenario\c4c.mp3
565=C:\Program Files\Age of Empires II\Sound\scenario\c4d.mp3
566=C:\Program Files\Age of Empires II\Sound\scenario\c4e.mp3
567=C:\Program Files\Age of Empires II\Sound\scenario\c4f.mp3
568=C:\Program Files\Age of Empires II\Sound\scenario\c4g.mp3
569=C:\Program Files\Age of Empires II\Sound\scenario\c4h.mp3
570=C:\Program Files\Age of Empires II\Sound\scenario\c4i.mp3
571=C:\Program Files\Age of Empires II\Sound\scenario\c4j.mp3
572=C:\Program Files\Age of Empires II\Sound\scenario\c4ja.mp3
573=C:\Program Files\Age of Empires II\Sound\scenario\c4k.mp3
574=C:\Program Files\Age of Empires II\Sound\scenario\c5a.mp3
575=C:\Program Files\Age of Empires II\Sound\scenario\c5b.mp3
576=C:\Program Files\Age of Empires II\Sound\scenario\c5c.mp3
577=C:\Program Files\Age of Empires II\Sound\scenario\c5ca.mp3
578=C:\Program Files\Age of Empires II\Sound\scenario\c5d.mp3
579=C:\Program Files\Age of Empires II\Sound\scenario\c5da.mp3
580=C:\Program Files\Age of Empires II\Sound\scenario\c5e.mp3
581=C:\Program Files\Age of Empires II\Sound\scenario\c5f.mp3
582=C:\Program Files\Age of Empires II\Sound\scenario\c5g.mp3
583=C:\Program Files\Age of Empires II\Sound\scenario\c5h.mp3
584=C:\Program Files\Age of Empires II\Sound\scenario\c5i.mp3
585=C:\Program Files\Age of Empires II\Sound\scenario\c5j.mp3
586=C:\Program Files\Age of Empires II\Sound\scenario\c5k.mp3
587=C:\Program Files\Age of Empires II\Sound\scenario\c5l.mp3
588=C:\Program Files\Age of Empires II\Sound\scenario\c5m.mp3
589=C:\Program Files\Age of Empires II\Sound\scenario\c5n.mp3
590=C:\Program Files\Age of Empires II\Sound\scenario\c5o.mp3
591=C:\Program Files\Age of Empires II\Sound\scenario\c5p.mp3
592=C:\Program Files\Age of Empires II\Sound\scenario\c5q.mp3
593=C:\Program Files\Age of Empires II\Sound\scenario\c5r.mp3
594=C:\Program Files\Age of Empires II\Sound\scenario\c6a.mp3
595=C:\Program Files\Age of Empires II\Sound\scenario\c6b.mp3
596=C:\Program Files\Age of Empires II\Sound\scenario\c6c.mp3
597=C:\Program Files\Age of Empires II\Sound\scenario\c6d.mp3
598=C:\Program Files\Age of Empires II\Sound\scenario\c6e.mp3
599=C:\Program Files\Age of Empires II\Sound\scenario\c6f.mp3
600=C:\Program Files\Age of Empires II\Sound\scenario\c6g.mp3
601=C:\Program Files\Age of Empires II\Sound\scenario\c6h.mp3
602=C:\Program Files\Age of Empires II\Sound\scenario\c6i.mp3
603=C:\Program Files\Age of Empires II\Sound\scenario\c7a.mp3
604=C:\Program Files\Age of Empires II\Sound\scenario\c7b.mp3
605=C:\Program Files\Age of Empires II\Sound\scenario\c7c.mp3
606=C:\Program Files\Age of Empires II\Sound\scenario\c7d.mp3
607=C:\Program Files\Age of Empires II\Sound\scenario\c7e.mp3
608=C:\Program Files\Age of Empires II\Sound\scenario\c7f.mp3
609=C:\Program Files\Age of Empires II\Sound\scenario\c7g.mp3
610=C:\Program Files\Age of Empires II\Sound\scenario\c7h.mp3
611=C:\Program Files\Age of Empires II\Sound\scenario\c8a.mp3
612=C:\Program Files\Age of Empires II\Sound\scenario\c8b.mp3
613=C:\Program Files\Age of Empires II\Sound\scenario\c8c.mp3
614=C:\Program Files\Age of Empires II\Sound\scenario\c8d.mp3
615=C:\Program Files\Age of Empires II\Sound\scenario\c8e.mp3
616=C:\Program Files\Age of Empires II\Sound\scenario\d1a.mp3
617=C:\Program Files\Age of Empires II\Sound\scenario\d1b.mp3
618=C:\Program Files\Age of Empires II\Sound\scenario\d1c.mp3
619=C:\Program Files\Age of Empires II\Sound\scenario\e1a.mp3
620=C:\Program Files\Age of Empires II\Sound\scenario\e1aa.mp3
621=C:\Program Files\Age of Empires II\Sound\scenario\e1b.mp3
622=C:\Program Files\Age of Empires II\Sound\scenario\e1c.mp3
623=C:\Program Files\Age of Empires II\Sound\scenario\e1d.mp3
624=C:\Program Files\Age of Empires II\Sound\scenario\e1e.mp3
625=C:\Program Files\Age of Empires II\Sound\scenario\e1f.mp3
626=C:\Program Files\Age of Empires II\Sound\scenario\e1g.mp3
627=C:\Program Files\Age of Empires II\Sound\scenario\e1h.mp3
628=C:\Program Files\Age of Empires II\Sound\scenario\e1j.mp3
629=C:\Program Files\Age of Empires II\Sound\scenario\e1k.mp3
630=C:\Program Files\Age of Empires II\Sound\scenario\e1l.mp3
631=C:\Program Files\Age of Empires II\Sound\scenario\e1n.mp3
632=C:\Program Files\Age of Empires II\Sound\scenario\E1o.mp3
633=C:\Program Files\Age of Empires II\Sound\scenario\e1p.mp3
634=C:\Program Files\Age of Empires II\Sound\scenario\e1q.mp3
635=C:\Program Files\Age of Empires II\Sound\scenario\e1r.mp3
636=C:\Program Files\Age of Empires II\Sound\scenario\e1s.mp3
637=C:\Program Files\Age of Empires II\Sound\scenario\e1t.mp3
638=C:\Program Files\Age of Empires II\Sound\scenario\e1u.mp3
639=C:\Program Files\Age of Empires II\Sound\scenario\e1ua.mp3
640=C:\Program Files\Age of Empires II\Sound\scenario\e1v.mp3
641=C:\Program Files\Age of Empires II\Sound\scenario\e1w.mp3
642=C:\Program Files\Age of Empires II\Sound\scenario\e1x.mp3
643=C:\Program Files\Age of Empires II\Sound\scenario\E1Y.mp3
644=C:\Program Files\Age of Empires II\Sound\scenario\e1z.mp3
645=C:\Program Files\Age of Empires II\Sound\scenario\e2a.mp3
646=C:\Program Files\Age of Empires II\Sound\scenario\e2b.mp3
647=C:\Program Files\Age of Empires II\Sound\scenario\e2c.mp3
648=C:\Program Files\Age of Empires II\Sound\scenario\e2d.mp3
649=C:\Program Files\Age of Empires II\Sound\scenario\e2e.mp3
650=C:\Program Files\Age of Empires II\Sound\scenario\e2f.mp3
651=C:\Program Files\Age of Empires II\Sound\scenario\e2g.mp3
652=C:\Program Files\Age of Empires II\Sound\scenario\e2h.mp3
653=C:\Program Files\Age of Empires II\Sound\scenario\e3a.mp3
654=C:\Program Files\Age of Empires II\Sound\scenario\e3b.mp3
655=C:\Program Files\Age of Empires II\Sound\scenario\e3c.mp3
656=C:\Program Files\Age of Empires II\Sound\scenario\e3d.mp3
657=C:\Program Files\Age of Empires II\Sound\scenario\e3e.mp3
658=C:\Program Files\Age of Empires II\Sound\scenario\e3f.mp3
659=C:\Program Files\Age of Empires II\Sound\scenario\e3g.mp3
660=C:\Program Files\Age of Empires II\Sound\scenario\e3h.mp3
661=C:\Program Files\Age of Empires II\Sound\scenario\e3i.mp3
662=C:\Program Files\Age of Empires II\Sound\scenario\e3j.mp3
663=C:\Program Files\Age of Empires II\Sound\scenario\e3k.mp3
664=C:\Program Files\Age of Empires II\Sound\scenario\e3l.mp3
665=C:\Program Files\Age of Empires II\Sound\scenario\e3m.mp3
666=C:\Program Files\Age of Empires II\Sound\scenario\e4a.mp3
667=C:\Program Files\Age of Empires II\Sound\scenario\e4b.mp3
668=C:\Program Files\Age of Empires II\Sound\scenario\e4c.mp3
669=C:\Program Files\Age of Empires II\Sound\scenario\e4d.mp3
670=C:\Program Files\Age of Empires II\Sound\scenario\e4e.mp3
671=C:\Program Files\Age of Empires II\Sound\scenario\e4f.mp3
672=C:\Program Files\Age of Empires II\Sound\scenario\e4g.mp3
673=C:\Program Files\Age of Empires II\Sound\scenario\e4h.mp3
674=C:\Program Files\Age of Empires II\Sound\scenario\e4i.mp3
675=C:\Program Files\Age of Empires II\Sound\scenario\e4j.mp3
676=C:\Program Files\Age of Empires II\Sound\scenario\e4k.mp3
677=C:\Program Files\Age of Empires II\Sound\scenario\e4l.mp3
678=C:\Program Files\Age of Empires II\Sound\scenario\e4m.mp3
679=C:\Program Files\Age of Empires II\Sound\scenario\e4n.mp3
680=C:\Program Files\Age of Empires II\Sound\scenario\e4o.mp3
681=C:\Program Files\Age of Empires II\Sound\scenario\e4p.mp3
682=C:\Program Files\Age of Empires II\Sound\scenario\e4q.mp3
683=C:\Program Files\Age of Empires II\Sound\scenario\e4r.mp3
684=C:\Program Files\Age of Empires II\Sound\scenario\e4s.mp3
685=C:\Program Files\Age of Empires II\Sound\scenario\e4t.mp3
686=C:\Program Files\Age of Empires II\Sound\scenario\e4u.mp3
687=C:\Program Files\Age of Empires II\Sound\scenario\e4v.mp3
688=C:\Program Files\Age of Empires II\Sound\scenario\e4w.mp3
689=C:\Program Files\Age of Empires II\Sound\scenario\e4x.mp3
690=C:\Program Files\Age of Empires II\Sound\scenario\e4y.mp3
691=C:\Program Files\Age of Empires II\Sound\scenario\e5a.mp3
692=C:\Program Files\Age of Empires II\Sound\scenario\e5b.mp3
693=C:\Program Files\Age of Empires II\Sound\scenario\e5c.mp3
694=C:\Program Files\Age of Empires II\Sound\scenario\e5d.mp3
695=C:\Program Files\Age of Empires II\Sound\scenario\e5e.mp3
696=C:\Program Files\Age of Empires II\Sound\scenario\e5f.mp3
697=C:\Program Files\Age of Empires II\Sound\scenario\e5g.mp3
698=C:\Program Files\Age of Empires II\Sound\scenario\e5h.mp3
699=C:\Program Files\Age of Empires II\Sound\scenario\e5i.mp3
700=C:\Program Files\Age of Empires II\Sound\scenario\e5j.mp3
701=C:\Program Files\Age of Empires II\Sound\scenario\e5k.mp3
702=C:\Program Files\Age of Empires II\Sound\scenario\e5l.mp3
703=C:\Program Files\Age of Empires II\Sound\scenario\e6a.mp3
704=C:\Program Files\Age of Empires II\Sound\scenario\e6b.mp3
705=C:\Program Files\Age of Empires II\Sound\scenario\g1a.mp3
706=C:\Program Files\Age of Empires II\Sound\scenario\g1b.mp3
707=C:\Program Files\Age of Empires II\Sound\scenario\g1c.mp3
708=C:\Program Files\Age of Empires II\Sound\scenario\g1d.mp3
709=C:\Program Files\Age of Empires II\Sound\scenario\g1e.mp3
710=C:\Program Files\Age of Empires II\Sound\scenario\g1f.mp3
711=C:\Program Files\Age of Empires II\Sound\scenario\g1g.mp3
712=C:\Program Files\Age of Empires II\Sound\scenario\g1h.mp3
713=C:\Program Files\Age of Empires II\Sound\scenario\g1i.mp3
714=C:\Program Files\Age of Empires II\Sound\scenario\g1j.mp3
715=C:\Program Files\Age of Empires II\Sound\scenario\g1k.mp3
716=C:\Program Files\Age of Empires II\Sound\scenario\g1l.mp3
717=C:\Program Files\Age of Empires II\Sound\scenario\g1lold.mp3
718=C:\Program Files\Age of Empires II\Sound\scenario\g1m.mp3
719=C:\Program Files\Age of Empires II\Sound\scenario\g2a.mp3
720=C:\Program Files\Age of Empires II\Sound\scenario\g2b.mp3
721=C:\Program Files\Age of Empires II\Sound\scenario\g2c.mp3
722=C:\Program Files\Age of Empires II\Sound\scenario\g2d.mp3
723=C:\Program Files\Age of Empires II\Sound\scenario\g2e.mp3
724=C:\Program Files\Age of Empires II\Sound\scenario\g2f.mp3
725=C:\Program Files\Age of Empires II\Sound\scenario\g2g.mp3
726=C:\Program Files\Age of Empires II\Sound\scenario\g2h.mp3
727=C:\Program Files\Age of Empires II\Sound\scenario\g3a.mp3
728=C:\Program Files\Age of Empires II\Sound\scenario\g3b.mp3
729=C:\Program Files\Age of Empires II\Sound\scenario\g3c.mp3
730=C:\Program Files\Age of Empires II\Sound\scenario\g3d.mp3
731=C:\Program Files\Age of Empires II\Sound\scenario\g3e.mp3
732=C:\Program Files\Age of Empires II\Sound\scenario\g4a.mp3
733=C:\Program Files\Age of Empires II\Sound\scenario\g4b.mp3
734=C:\Program Files\Age of Empires II\Sound\scenario\g4c.mp3
735=C:\Program Files\Age of Empires II\Sound\scenario\g4d.mp3
736=C:\Program Files\Age of Empires II\Sound\scenario\g4e.mp3
737=C:\Program Files\Age of Empires II\Sound\scenario\g4f.mp3
738=C:\Program Files\Age of Empires II\Sound\scenario\g4g.mp3
739=C:\Program Files\Age of Empires II\Sound\scenario\g4h.mp3
740=C:\Program Files\Age of Empires II\Sound\scenario\g4i.mp3
741=C:\Program Files\Age of Empires II\Sound\scenario\g4j.mp3
742=C:\Program Files\Age of Empires II\Sound\scenario\g5a.mp3
743=C:\Program Files\Age of Empires II\Sound\scenario\g5b.mp3
744=C:\Program Files\Age of Empires II\Sound\scenario\g5c.mp3
745=C:\Program Files\Age of Empires II\Sound\scenario\g5d.mp3
746=C:\Program Files\Age of Empires II\Sound\scenario\g5e.mp3
747=C:\Program Files\Age of Empires II\Sound\scenario\g5f.mp3
748=C:\Program Files\Age of Empires II\Sound\scenario\g5g.mp3
749=C:\Program Files\Age of Empires II\Sound\scenario\g5h.mp3
750=C:\Program Files\Age of Empires II\Sound\scenario\g5i.mp3
751=C:\Program Files\Age of Empires II\Sound\scenario\g5j.mp3
752=C:\Program Files\Age of Empires II\Sound\scenario\g6a.mp3
753=C:\Program Files\Age of Empires II\Sound\scenario\g6b.mp3
754=C:\Program Files\Age of Empires II\Sound\scenario\g6c.mp3
755=C:\Program Files\Age of Empires II\Sound\scenario\g6d.mp3
756=C:\Program Files\Age of Empires II\Sound\scenario\g6e.mp3
757=C:\Program Files\Age of Empires II\Sound\scenario\g6f.mp3
758=C:\Program Files\Age of Empires II\Sound\scenario\g6g.mp3
759=C:\Program Files\Age of Empires II\Sound\scenario\g6h.mp3
760=C:\Program Files\Age of Empires II\Sound\scenario\g6i.mp3
761=C:\Program Files\Age of Empires II\Sound\scenario\j1a.mp3
762=C:\Program Files\Age of Empires II\Sound\scenario\j1b.mp3
763=C:\Program Files\Age of Empires II\Sound\scenario\j1c.mp3
764=C:\Program Files\Age of Empires II\Sound\scenario\j1d.mp3
765=C:\Program Files\Age of Empires II\Sound\scenario\j1e.mp3
766=C:\Program Files\Age of Empires II\Sound\scenario\j1f.mp3
767=C:\Program Files\Age of Empires II\Sound\scenario\j1g.mp3
768=C:\Program Files\Age of Empires II\Sound\scenario\j1h.mp3
769=C:\Program Files\Age of Empires II\Sound\scenario\j1i.mp3
770=C:\Program Files\Age of Empires II\Sound\scenario\j1j.mp3
771=C:\Program Files\Age of Empires II\Sound\scenario\j1k.mp3
772=C:\Program Files\Age of Empires II\Sound\scenario\j1l.mp3
773=C:\Program Files\Age of Empires II\Sound\scenario\j1m.mp3
774=C:\Program Files\Age of Empires II\Sound\scenario\j1n.mp3
775=C:\Program Files\Age of Empires II\Sound\scenario\j1o.mp3
776=C:\Program Files\Age of Empires II\Sound\scenario\j1p.mp3
777=C:\Program Files\Age of Empires II\Sound\scenario\j1q.mp3
778=C:\Program Files\Age of Empires II\Sound\scenario\j1r.mp3
779=C:\Program Files\Age of Empires II\Sound\scenario\j1t.mp3
780=C:\Program Files\Age of Empires II\Sound\scenario\j1u.mp3
781=C:\Program Files\Age of Empires II\Sound\scenario\j1v.mp3
782=C:\Program Files\Age of Empires II\Sound\scenario\j1w.mp3
783=C:\Program Files\Age of Empires II\Sound\scenario\j1x.mp3
784=C:\Program Files\Age of Empires II\Sound\scenario\j1y.mp3
785=C:\Program Files\Age of Empires II\Sound\scenario\j1z.mp3
786=C:\Program Files\Age of Empires II\Sound\scenario\j2a.mp3
787=C:\Program Files\Age of Empires II\Sound\scenario\j2b.mp3
788=C:\Program Files\Age of Empires II\Sound\scenario\j2c.mp3
789=C:\Program Files\Age of Empires II\Sound\scenario\j2d.mp3
790=C:\Program Files\Age of Empires II\Sound\scenario\j2e.mp3
791=C:\Program Files\Age of Empires II\Sound\scenario\j2f.mp3
792=C:\Program Files\Age of Empires II\Sound\scenario\j2g.mp3
793=C:\Program Files\Age of Empires II\Sound\scenario\j2h.mp3
794=C:\Program Files\Age of Empires II\Sound\scenario\j2i.mp3
795=C:\Program Files\Age of Empires II\Sound\scenario\j2j.mp3
796=C:\Program Files\Age of Empires II\Sound\scenario\j2k.mp3
797=C:\Program Files\Age of Empires II\Sound\scenario\j2l.mp3
798=C:\Program Files\Age of Empires II\Sound\scenario\j2m.mp3
799=C:\Program Files\Age of Empires II\Sound\scenario\j2n.mp3
800=C:\Program Files\Age of Empires II\Sound\scenario\j2o.mp3
801=C:\Program Files\Age of Empires II\Sound\scenario\j3a.mp3
802=C:\Program Files\Age of Empires II\Sound\scenario\j3b.mp3
803=C:\Program Files\Age of Empires II\Sound\scenario\j3c.mp3
804=C:\Program Files\Age of Empires II\Sound\scenario\j3d.mp3
805=C:\Program Files\Age of Empires II\Sound\scenario\j3e.mp3
806=C:\Program Files\Age of Empires II\Sound\scenario\j3f.mp3
807=C:\Program Files\Age of Empires II\Sound\scenario\j3g.mp3
808=C:\Program Files\Age of Empires II\Sound\scenario\j3h.mp3
809=C:\Program Files\Age of Empires II\Sound\scenario\j3i.mp3
810=C:\Program Files\Age of Empires II\Sound\scenario\j3j.mp3
811=C:\Program Files\Age of Empires II\Sound\scenario\j3k.mp3
812=C:\Program Files\Age of Empires II\Sound\scenario\j3l.mp3
813=C:\Program Files\Age of Empires II\Sound\scenario\j3m.mp3
814=C:\Program Files\Age of Empires II\Sound\scenario\j3n.mp3
815=C:\Program Files\Age of Empires II\Sound\scenario\j3o.mp3
816=C:\Program Files\Age of Empires II\Sound\scenario\j3p.mp3
817=C:\Program Files\Age of Empires II\Sound\scenario\j4a.mp3
818=C:\Program Files\Age of Empires II\Sound\scenario\j4b.mp3
819=C:\Program Files\Age of Empires II\Sound\scenario\j4c.mp3
820=C:\Program Files\Age of Empires II\Sound\scenario\j4c2.mp3
821=C:\Program Files\Age of Empires II\Sound\scenario\j4d.mp3
822=C:\Program Files\Age of Empires II\Sound\scenario\j4e.mp3
823=C:\Program Files\Age of Empires II\Sound\scenario\j4f.mp3
824=C:\Program Files\Age of Empires II\Sound\scenario\j4h.mp3
825=C:\Program Files\Age of Empires II\Sound\scenario\j4i.mp3
826=C:\Program Files\Age of Empires II\Sound\scenario\j4j.mp3
827=C:\Program Files\Age of Empires II\Sound\scenario\j5a.mp3
828=C:\Program Files\Age of Empires II\Sound\scenario\j5b.mp3
829=C:\Program Files\Age of Empires II\Sound\scenario\j5c.mp3
830=C:\Program Files\Age of Empires II\Sound\scenario\j5d.mp3
831=C:\Program Files\Age of Empires II\Sound\scenario\j5e.mp3
832=C:\Program Files\Age of Empires II\Sound\scenario\j5f.mp3
833=C:\Program Files\Age of Empires II\Sound\scenario\j5g.mp3
834=C:\Program Files\Age of Empires II\Sound\scenario\j5h.mp3
835=C:\Program Files\Age of Empires II\Sound\scenario\j5i.mp3
836=C:\Program Files\Age of Empires II\Sound\scenario\j5j.mp3
837=C:\Program Files\Age of Empires II\Sound\scenario\j5k.mp3
838=C:\Program Files\Age of Empires II\Sound\scenario\j5l.mp3
839=C:\Program Files\Age of Empires II\Sound\scenario\j6a.mp3
840=C:\Program Files\Age of Empires II\Sound\scenario\j6a2.mp3
841=C:\Program Files\Age of Empires II\Sound\scenario\j6b.mp3
842=C:\Program Files\Age of Empires II\Sound\scenario\j6c.mp3
843=C:\Program Files\Age of Empires II\Sound\scenario\j6d.mp3
844=C:\Program Files\Age of Empires II\Sound\scenario\j6e.mp3
845=C:\Program Files\Age of Empires II\Sound\scenario\j6f.mp3
846=C:\Program Files\Age of Empires II\Sound\scenario\j6g.mp3
847=C:\Program Files\Age of Empires II\Sound\scenario\j6i.mp3
848=C:\Program Files\Age of Empires II\Sound\scenario\j6j.mp3
849=C:\Program Files\Age of Empires II\Sound\scenario\j6k.mp3
850=C:\Program Files\Age of Empires II\Sound\scenario\j6l.mp3
851=C:\Program Files\Age of Empires II\Sound\scenario\j6m.mp3
852=C:\Program Files\Age of Empires II\Sound\scenario\j6n.mp3
853=C:\Program Files\Age of Empires II\Sound\scenario\j6o.mp3
854=C:\Program Files\Age of Empires II\Sound\scenario\j6q.mp3
855=C:\Program Files\Age of Empires II\Sound\scenario\m1a.mp3
856=C:\Program Files\Age of Empires II\Sound\scenario\m1b.mp3
857=C:\Program Files\Age of Empires II\Sound\scenario\m1c.mp3
858=C:\Program Files\Age of Empires II\Sound\scenario\m2a.mp3
859=C:\Program Files\Age of Empires II\Sound\scenario\m2b.mp3
860=C:\Program Files\Age of Empires II\Sound\scenario\m2c.mp3
861=C:\Program Files\Age of Empires II\Sound\scenario\m2d.mp3
862=C:\Program Files\Age of Empires II\Sound\scenario\m2e.mp3
863=C:\Program Files\Age of Empires II\Sound\scenario\m2f.mp3
864=C:\Program Files\Age of Empires II\Sound\scenario\m2g.mp3
865=C:\Program Files\Age of Empires II\Sound\scenario\m2h.mp3
866=C:\Program Files\Age of Empires II\Sound\scenario\m2i.mp3
867=C:\Program Files\Age of Empires II\Sound\scenario\m2j.mp3
868=C:\Program Files\Age of Empires II\Sound\scenario\m2k.mp3
869=C:\Program Files\Age of Empires II\Sound\scenario\m2l.mp3
870=C:\Program Files\Age of Empires II\Sound\scenario\m2m.mp3
871=C:\Program Files\Age of Empires II\Sound\scenario\m2n.mp3
872=C:\Program Files\Age of Empires II\Sound\scenario\m2o.mp3
873=C:\Program Files\Age of Empires II\Sound\scenario\m2p.mp3
874=C:\Program Files\Age of Empires II\Sound\scenario\m2q.mp3
875=C:\Program Files\Age of Empires II\Sound\scenario\m3a.mp3
876=C:\Program Files\Age of Empires II\Sound\scenario\m3b.mp3
877=C:\Program Files\Age of Empires II\Sound\scenario\m3c.mp3
878=C:\Program Files\Age of Empires II\Sound\scenario\m3d.mp3
879=C:\Program Files\Age of Empires II\Sound\scenario\m3e.mp3
880=C:\Program Files\Age of Empires II\Sound\scenario\m3f.mp3
881=C:\Program Files\Age of Empires II\Sound\scenario\m3g.mp3
882=C:\Program Files\Age of Empires II\Sound\scenario\m3h.mp3
883=C:\Program Files\Age of Empires II\Sound\scenario\m3i.mp3
884=C:\Program Files\Age of Empires II\Sound\scenario\m3j.mp3
885=C:\Program Files\Age of Empires II\Sound\scenario\m4a.mp3
886=C:\Program Files\Age of Empires II\Sound\scenario\M4B.mp3
887=C:\Program Files\Age of Empires II\Sound\scenario\M4C.mp3
888=C:\Program Files\Age of Empires II\Sound\scenario\m4d.mp3
889=C:\Program Files\Age of Empires II\Sound\scenario\m4e.mp3
890=C:\Program Files\Age of Empires II\Sound\scenario\m4f.mp3
891=C:\Program Files\Age of Empires II\Sound\scenario\m4g.mp3
892=C:\Program Files\Age of Empires II\Sound\scenario\m4h.mp3
893=C:\Program Files\Age of Empires II\Sound\scenario\m4i.mp3
894=C:\Program Files\Age of Empires II\Sound\scenario\m4j.mp3
895=C:\Program Files\Age of Empires II\Sound\scenario\m4k.mp3
896=C:\Program Files\Age of Empires II\Sound\scenario\m4m.mp3
897=C:\Program Files\Age of Empires II\Sound\scenario\m5a.mp3
898=C:\Program Files\Age of Empires II\Sound\scenario\m5b.mp3
899=C:\Program Files\Age of Empires II\Sound\scenario\m5c.mp3
900=C:\Program Files\Age of Empires II\Sound\scenario\m5d.mp3
901=C:\Program Files\Age of Empires II\Sound\scenario\m5e.mp3
902=C:\Program Files\Age of Empires II\Sound\scenario\m5f.mp3
903=C:\Program Files\Age of Empires II\Sound\scenario\m5g.mp3
904=C:\Program Files\Age of Empires II\Sound\scenario\m5h.mp3
905=C:\Program Files\Age of Empires II\Sound\scenario\m6a.mp3
906=C:\Program Files\Age of Empires II\Sound\scenario\m6b.mp3
907=C:\Program Files\Age of Empires II\Sound\scenario\m6c.mp3
908=C:\Program Files\Age of Empires II\Sound\scenario\m6d.mp3
909=C:\Program Files\Age of Empires II\Sound\scenario\m6e.mp3
910=C:\Program Files\Age of Empires II\Sound\scenario\m6f.mp3
911=C:\Program Files\Age of Empires II\Sound\scenario\mc6.mp3
912=C:\Program Files\Age of Empires II\Sound\scenario\S1a.mp3
913=C:\Program Files\Age of Empires II\Sound\scenario\s1b.mp3
914=C:\Program Files\Age of Empires II\Sound\scenario\s1c.mp3
915=C:\Program Files\Age of Empires II\Sound\scenario\s1d.mp3
916=C:\Program Files\Age of Empires II\Sound\scenario\s1e.mp3
917=C:\Program Files\Age of Empires II\Sound\scenario\s1f.mp3
918=C:\Program Files\Age of Empires II\Sound\scenario\s1g.mp3
919=C:\Program Files\Age of Empires II\Sound\scenario\s1h.mp3
920=C:\Program Files\Age of Empires II\Sound\scenario\s1i.mp3
921=C:\Program Files\Age of Empires II\Sound\scenario\s1j.mp3
922=C:\Program Files\Age of Empires II\Sound\scenario\s2a.mp3
923=C:\Program Files\Age of Empires II\Sound\scenario\s2b.mp3
924=C:\Program Files\Age of Empires II\Sound\scenario\s2c.mp3
925=C:\Program Files\Age of Empires II\Sound\scenario\s2d.mp3
926=C:\Program Files\Age of Empires II\Sound\scenario\s2e.mp3
927=C:\Program Files\Age of Empires II\Sound\scenario\s2f.mp3
928=C:\Program Files\Age of Empires II\Sound\scenario\s2g.mp3
929=C:\Program Files\Age of Empires II\Sound\scenario\s2i.mp3
930=C:\Program Files\Age of Empires II\Sound\scenario\s2j.mp3
931=C:\Program Files\Age of Empires II\Sound\scenario\s2l.mp3
932=C:\Program Files\Age of Empires II\Sound\scenario\s3a.mp3
933=C:\Program Files\Age of Empires II\Sound\scenario\s3b.mp3
934=C:\Program Files\Age of Empires II\Sound\scenario\s3c.mp3
935=C:\Program Files\Age of Empires II\Sound\scenario\s3d.mp3
936=C:\Program Files\Age of Empires II\Sound\scenario\s3e.mp3
937=C:\Program Files\Age of Empires II\Sound\scenario\s3f.mp3
938=C:\Program Files\Age of Empires II\Sound\scenario\s4a.mp3
939=C:\Program Files\Age of Empires II\Sound\scenario\s4b.mp3
940=C:\Program Files\Age of Empires II\Sound\scenario\s4c.mp3
941=C:\Program Files\Age of Empires II\Sound\scenario\s4d.mp3
942=C:\Program Files\Age of Empires II\Sound\scenario\s4e.mp3
943=C:\Program Files\Age of Empires II\Sound\scenario\s4f.mp3
944=C:\Program Files\Age of Empires II\Sound\scenario\s4g.mp3
945=C:\Program Files\Age of Empires II\Sound\scenario\s4h.mp3
946=C:\Program Files\Age of Empires II\Sound\scenario\s4i.mp3
947=C:\Program Files\Age of Empires II\Sound\scenario\s4j.mp3
948=C:\Program Files\Age of Empires II\Sound\scenario\s4k.mp3
949=C:\Program Files\Age of Empires II\Sound\scenario\s4l.mp3
950=C:\Program Files\Age of Empires II\Sound\scenario\s4m.mp3
951=C:\Program Files\Age of Empires II\Sound\scenario\s5a.mp3
952=C:\Program Files\Age of Empires II\Sound\scenario\s5b.mp3
953=C:\Program Files\Age of Empires II\Sound\scenario\s5c.mp3
954=C:\Program Files\Age of Empires II\Sound\scenario\s5d.mp3
955=C:\Program Files\Age of Empires II\Sound\scenario\s6a.mp3
956=C:\Program Files\Age of Empires II\Sound\scenario\s6b.mp3
957=C:\Program Files\Age of Empires II\Sound\scenario\s6c.mp3
958=C:\Program Files\Age of Empires II\Sound\scenario\s6d.mp3
959=C:\Program Files\Age of Empires II\Sound\scenario\s6e.mp3
960=C:\Program Files\Age of Empires II\Sound\scenario\s6f.mp3
961=C:\Program Files\Age of Empires II\Sound\scenario\s6g.mp3
962=C:\Program Files\Age of Empires II\Sound\scenario\s6h.mp3
963=C:\Program Files\Age of Empires II\Sound\scenario\s6i.mp3
964=C:\Program Files\Age of Empires II\Sound\scenario\w1a.mp3
965=C:\Program Files\Age of Empires II\Sound\scenario\w1b.mp3
966=C:\Program Files\Age of Empires II\Sound\scenario\w1c.mp3
967=C:\Program Files\Age of Empires II\Sound\scenario\w1d.mp3
968=C:\Program Files\Age of Empires II\Sound\scenario\w1e.mp3
969=C:\Program Files\Age of Empires II\Sound\scenario\w1f.mp3
970=C:\Program Files\Age of Empires II\Sound\scenario\w1g.mp3
971=C:\Program Files\Age of Empires II\Sound\scenario\w1h.mp3
972=C:\Program Files\Age of Empires II\Sound\scenario\w1i.mp3
973=C:\Program Files\Age of Empires II\Sound\scenario\w1j.mp3
974=C:\Program Files\Age of Empires II\Sound\scenario\w1k.mp3
975=C:\Program Files\Age of Empires II\Sound\scenario\w1l.mp3
976=C:\Program Files\Age of Empires II\Sound\scenario\w1m.mp3
977=C:\Program Files\Age of Empires II\Sound\scenario\w1n.mp3
978=C:\Program Files\Age of Empires II\Sound\scenario\w1o.mp3
979=C:\Program Files\Age of Empires II\Sound\scenario\w1p.mp3
980=C:\Program Files\Age of Empires II\Sound\scenario\w1q.mp3
981=C:\Program Files\Age of Empires II\Sound\scenario\w1r.mp3
982=C:\Program Files\Age of Empires II\Sound\scenario\w1s.mp3
983=C:\Program Files\Age of Empires II\Sound\scenario\w1t.mp3
984=C:\Program Files\Age of Empires II\Sound\scenario\w1wa.mp3
985=C:\Program Files\Age of Empires II\Sound\scenario\w1wb.mp3
986=C:\Program Files\Age of Empires II\Sound\scenario\w1wc.mp3
987=C:\Program Files\Age of Empires II\Sound\scenario\w2a.mp3
988=C:\Program Files\Age of Empires II\Sound\scenario\w2aa.mp3
989=C:\Program Files\Age of Empires II\Sound\scenario\w2b.mp3
990=C:\Program Files\Age of Empires II\Sound\scenario\w2c.mp3
991=C:\Program Files\Age of Empires II\Sound\scenario\w2d.mp3
992=C:\Program Files\Age of Empires II\Sound\scenario\w2e.mp3
993=C:\Program Files\Age of Empires II\Sound\scenario\w2f.mp3
994=C:\Program Files\Age of Empires II\Sound\scenario\w2g.mp3
995=C:\Program Files\Age of Empires II\Sound\scenario\w2h.mp3
996=C:\Program Files\Age of Empires II\Sound\scenario\w2i.mp3
997=C:\Program Files\Age of Empires II\Sound\scenario\w2j.mp3
998=C:\Program Files\Age of Empires II\Sound\scenario\w2k.mp3
999=C:\Program Files\Age of Empires II\Sound\scenario\w2wa.mp3
1000=C:\Program Files\Age of Empires II\Sound\scenario\w3a.mp3
1001=C:\Program Files\Age of Empires II\Sound\scenario\w3b.mp3
1002=C:\Program Files\Age of Empires II\Sound\scenario\w3c.mp3
1003=C:\Program Files\Age of Empires II\Sound\scenario\w3d.mp3
1004=C:\Program Files\Age of Empires II\Sound\scenario\w3e.mp3
1005=C:\Program Files\Age of Empires II\Sound\scenario\w3e2.mp3
1006=C:\Program Files\Age of Empires II\Sound\scenario\w3f.mp3
1007=C:\Program Files\Age of Empires II\Sound\scenario\w3g.mp3
1008=C:\Program Files\Age of Empires II\Sound\scenario\w3h.mp3
1009=C:\Program Files\Age of Empires II\Sound\scenario\w3i.mp3
1010=C:\Program Files\Age of Empires II\Sound\scenario\w3j.mp3
1011=C:\Program Files\Age of Empires II\Sound\scenario\w3k.mp3
1012=C:\Program Files\Age of Empires II\Sound\scenario\w3l.mp3
1013=C:\Program Files\Age of Empires II\Sound\scenario\w3m.mp3
1014=C:\Program Files\Age of Empires II\Sound\scenario\w3n.mp3
1015=C:\Program Files\Age of Empires II\Sound\scenario\w3o.mp3
1016=C:\Program Files\Age of Empires II\Sound\scenario\w3wa.mp3
1017=C:\Program Files\Age of Empires II\Sound\scenario\w4a.mp3
1018=C:\Program Files\Age of Empires II\Sound\scenario\w4b.mp3
1019=C:\Program Files\Age of Empires II\Sound\scenario\w4c.mp3
1020=C:\Program Files\Age of Empires II\Sound\scenario\w4d.mp3
1021=C:\Program Files\Age of Empires II\Sound\scenario\w4e.mp3
1022=C:\Program Files\Age of Empires II\Sound\scenario\w4f.mp3
1023=C:\Program Files\Age of Empires II\Sound\scenario\w4g.mp3
1024=C:\Program Files\Age of Empires II\Sound\scenario\w4h.mp3
1025=C:\Program Files\Age of Empires II\Sound\scenario\w4i.mp3
1026=C:\Program Files\Age of Empires II\Sound\scenario\w4j.mp3
1027=C:\Program Files\Age of Empires II\Sound\scenario\w4k.mp3
1028=C:\Program Files\Age of Empires II\Sound\scenario\w4l.mp3
1029=C:\Program Files\Age of Empires II\Sound\scenario\w4m.mp3
1030=C:\Program Files\Age of Empires II\Sound\scenario\w4n.mp3
1031=C:\Program Files\Age of Empires II\Sound\scenario\w4o.mp3
1032=C:\Program Files\Age of Empires II\Sound\scenario\w4p.mp3
1033=C:\Program Files\Age of Empires II\Sound\scenario\w4q.mp3
1034=C:\Program Files\Age of Empires II\Sound\scenario\w4wa.mp3
1035=C:\Program Files\Age of Empires II\Sound\scenario\w4wb.mp3
1036=C:\Program Files\Age of Empires II\Sound\scenario\w4wc.mp3
1037=C:\Program Files\Age of Empires II\Sound\scenario\w5a.mp3
1038=C:\Program Files\Age of Empires II\Sound\scenario\w5a2.mp3
1039=C:\Program Files\Age of Empires II\Sound\scenario\w5b.mp3
1040=C:\Program Files\Age of Empires II\Sound\scenario\w5c.mp3
1041=C:\Program Files\Age of Empires II\Sound\scenario\w5d.mp3
1042=C:\Program Files\Age of Empires II\Sound\scenario\w5e.mp3
1043=C:\Program Files\Age of Empires II\Sound\scenario\w5f.mp3
1044=C:\Program Files\Age of Empires II\Sound\scenario\w5g.mp3
1045=C:\Program Files\Age of Empires II\Sound\scenario\w5h.mp3
1046=C:\Program Files\Age of Empires II\Sound\scenario\w5i.mp3
1047=C:\Program Files\Age of Empires II\Sound\scenario\w5j.mp3
1048=C:\Program Files\Age of Empires II\Sound\scenario\w5k.mp3
1049=C:\Program Files\Age of Empires II\Sound\scenario\w5l.mp3
1050=C:\Program Files\Age of Empires II\Sound\scenario\w5m.mp3
1051=C:\Program Files\Age of Empires II\Sound\scenario\w5n.mp3
1052=C:\Program Files\Age of Empires II\Sound\scenario\w5o.mp3
1053=C:\Program Files\Age of Empires II\Sound\scenario\w5p.mp3
1054=C:\Program Files\Age of Empires II\Sound\scenario\w5q.mp3
1055=C:\Program Files\Age of Empires II\Sound\scenario\w5r.mp3
1056=C:\Program Files\Age of Empires II\Sound\scenario\w5s.mp3
1057=C:\Program Files\Age of Empires II\Sound\scenario\w5t.mp3
1058=C:\Program Files\Age of Empires II\Sound\scenario\w5u.mp3
1059=C:\Program Files\Age of Empires II\Sound\scenario\w5v.mp3
1060=C:\Program Files\Age of Empires II\Sound\scenario\w5w.mp3
1061=C:\Program Files\Age of Empires II\Sound\scenario\w5wa.mp3
1062=C:\Program Files\Age of Empires II\Sound\scenario\w5wd.mp3
1063=C:\Program Files\Age of Empires II\Sound\scenario\w5we.mp3
1064=C:\Program Files\Age of Empires II\Sound\scenario\w5wf.mp3
1065=C:\Program Files\Age of Empires II\Sound\scenario\w5wg.mp3
1066=C:\Program Files\Age of Empires II\Sound\scenario\w5wh.mp3
1067=C:\Program Files\Age of Empires II\Sound\scenario\w5x.mp3
1068=C:\Program Files\Age of Empires II\Sound\scenario\w5y.mp3
1069=C:\Program Files\Age of Empires II\Sound\scenario\w5z.mp3
1070=C:\Program Files\Age of Empires II\Sound\scenario\w5z2.mp3
1071=C:\Program Files\Age of Empires II\Sound\scenario\w5z3.mp3
1072=C:\Program Files\Age of Empires II\Sound\scenario\w5z4.mp3
1073=C:\Program Files\Age of Empires II\Sound\scenario\w6a.mp3
1074=C:\Program Files\Age of Empires II\Sound\scenario\w6b.mp3
1075=C:\Program Files\Age of Empires II\Sound\scenario\w6c.mp3
1076=C:\Program Files\Age of Empires II\Sound\scenario\w6d.mp3
1077=C:\Program Files\Age of Empires II\Sound\scenario\w6e.mp3
1078=C:\Program Files\Age of Empires II\Sound\scenario\w6f.mp3
1079=C:\Program Files\Age of Empires II\Sound\scenario\w6g.mp3
1080=C:\Program Files\Age of Empires II\Sound\scenario\w6h.mp3
1081=C:\Program Files\Age of Empires II\Sound\scenario\w6i.mp3
1082=C:\Program Files\Age of Empires II\Sound\scenario\w6j.mp3
1083=C:\Program Files\Age of Empires II\Sound\scenario\w6k.mp3
1084=C:\Program Files\Age of Empires II\Sound\scenario\w6l.mp3
1085=C:\Program Files\Age of Empires II\Sound\scenario\w6m.mp3
1086=C:\Program Files\Age of Empires II\Sound\scenario\w6n.mp3
1087=C:\Program Files\Age of Empires II\Sound\scenario\w6o.mp3
1088=C:\Program Files\Age of Empires II\Sound\scenario\w6p.mp3
1089=C:\Program Files\Age of Empires II\Sound\scenario\w6q.mp3
1090=C:\Program Files\Age of Empires II\Sound\scenario\w6r.mp3
1091=C:\Program Files\Age of Empires II\Sound\scenario\w6s.mp3
1092=C:\Program Files\Age of Empires II\Sound\scenario\w6t.mp3
1093=C:\Program Files\Age of Empires II\Sound\scenario\w6u.mp3
1094=C:\Program Files\Age of Empires II\Sound\scenario\w6v.mp3
1095=C:\Program Files\Age of Empires II\Sound\scenario\w6w.mp3
1096=C:\Program Files\Age of Empires II\Sound\scenario\w7a.mp3
1097=C:\Program Files\Age of Empires II\Sound\scenario\w7b.mp3
1098=C:\Program Files\Age of Empires II\Sound\scenario\w7c.mp3
1099=C:\Program Files\Age of Empires II\Sound\scenario\w7d.mp3
1100=C:\Program Files\Age of Empires II\Sound\scenario\w7e.mp3
1101=C:\Program Files\Age of Empires II\Sound\scenario\w7f.mp3
1102=C:\Program Files\Age of Empires II\Sound\scenario\w7g.mp3
1103=C:\Program Files\Age of Empires II\Sound\scenario\w7h.mp3
1104=C:\Program Files\Age of Empires II\Sound\scenario\w7i.mp3
1105=C:\Program Files\Age of Empires II\Sound\scenario\w7j.mp3
1106=C:\Program Files\Age of Empires II\Sound\scenario\w7k.mp3
1107=C:\Program Files\Age of Empires II\Sound\scenario\w7l.mp3
1108=C:\Program Files\Age of Empires II\Sound\scenario\w7m.mp3
1109=C:\Program Files\Age of Empires II\Sound\scenario\w7n.mp3
1110=C:\Program Files\Age of Empires II\Sound\scenario\w7o.mp3
1111=C:\Program Files\Age of Empires II\Sound\scenario\w7p.mp3
1112=C:\Program Files\Age of Empires II\Sound\scenario\w7q.mp3
1113=C:\Program Files\Age of Empires II\Sound\scenario\Wolf.mp3
1114=C:\Program Files\Age of Empires II\Sound\stream\Aztecs.mp3
1115=C:\Program Files\Age of Empires II\Sound\stream\BRITISH.MP3
1116=C:\Program Files\Age of Empires II\Sound\stream\BYZANTIN.MP3
1117=C:\Program Files\Age of Empires II\Sound\stream\CELT.MP3
1118=C:\Program Files\Age of Empires II\Sound\stream\CHINESE.MP3
1119=C:\Program Files\Age of Empires II\Sound\stream\COUNTDWN.MP3
1120=C:\Program Files\Age of Empires II\Sound\stream\FRENCH.MP3
1121=C:\Program Files\Age of Empires II\Sound\stream\GOTH.MP3
1122=C:\Program Files\Age of Empires II\Sound\stream\Huns.mp3
1123=C:\Program Files\Age of Empires II\Sound\stream\JAPANESE.MP3
1124=C:\Program Files\Age of Empires II\Sound\stream\Koreans.mp3
1125=C:\Program Files\Age of Empires II\Sound\stream\LOST.MP3
1126=C:\Program Files\Age of Empires II\Sound\stream\Mayans.mp3
1127=C:\Program Files\Age of Empires II\Sound\stream\MONGOL.MP3
1128=C:\Program Files\Age of Empires II\Sound\stream\OPEN.MP3
1129=C:\Program Files\Age of Empires II\Sound\stream\PERSIAN.MP3
1130=C:\Program Files\Age of Empires II\Sound\stream\RANDOM.MP3
1131=C:\Program Files\Age of Empires II\Sound\stream\SARACEN.MP3
1132=C:\Program Files\Age of Empires II\Sound\stream\Spanish.mp3
1133=C:\Program Files\Age of Empires II\Sound\stream\TEUTON.MP3
1134=C:\Program Files\Age of Empires II\Sound\stream\TOWN.MP3
1135=C:\Program Files\Age of Empires II\Sound\stream\TURK.MP3
1136=C:\Program Files\Age of Empires II\Sound\stream\VIKING.MP3
1137=C:\Program Files\Age of Empires II\Sound\stream\WON1.MP3
1138=C:\Program Files\Age of Empires II\Sound\stream\WON2.MP3
1139=C:\Program Files\Age of Empires II\Sound\stream\xopen.mp3
1140=C:\Program Files\Age of Empires II\Sound\stream\xtown.mp3
1141=C:\Program Files\Age of Empires II\Sound\terrain\Cricket.wav
1142=C:\Program Files\Age of Empires II\Sound\terrain\jungle1.wav
1143=C:\Program Files\Age of Empires II\Sound\terrain\jungle2.wav
1144=C:\Program Files\Age of Empires II\Sound\terrain\jungle3.wav
1145=C:\Program Files\Age of Empires II\Sound\terrain\jungle4.wav
1146=C:\Program Files\Age of Empires II\Sound\terrain\tf1.wav
1147=C:\Program Files\Age of Empires II\Sound\terrain\tf2.wav
1148=C:\Program Files\Age of Empires II\Sound\terrain\tf3.wav
1149=C:\Program Files\Age of Empires II\Sound\terrain\tf4.wav
1150=C:\Program Files\Age of Empires II\Sound\terrain\tf6.wav
1151=C:\Program Files\Age of Empires II\Sound\terrain\tf7.wav
1152=C:\Program Files\Age of Empires II\Sound\terrain\tf8.wav
1153=C:\Program Files\Age of Empires II\Sound\terrain\Wave1.wav
1154=C:\Program Files\Age of Empires II\Sound\terrain\Wave2.wav
1155=C:\Program Files\Age of Empires II\Sound\terrain\Wave3.wav
1156=C:\Program Files\Age of Empires II\Sound\terrain\Wave4.wav
1157=C:\Program Files\Age of Empires II\Sound\terrain\Wave5.wav
1158=C:\Program Files\Age of Empires II\Sound\terrain\Wind1.wav
1159=C:\Program Files\Age of Empires II\Sound\terrain\Wind2.wav
1160=C:\Program Files\Age of Empires II\Sound\terrain\Wind3.wav
1161=C:\Program Files\Age of Empires II\Taunt\01 Yes.mp3
1162=C:\Program Files\Age of Empires II\Taunt\02 No.mp3
1163=C:\Program Files\Age of Empires II\Taunt\03 Food, please.mp3
1164=C:\Program Files\Age of Empires II\Taunt\04 Wood, please.mp3
1165=C:\Program Files\Age of Empires II\Taunt\05 Gold, PLease.mp3
1166=C:\Program Files\Age of Empires II\Taunt\06 Stone, please.mp3
1167=C:\Program Files\Age of Empires II\Taunt\07 Ahh.mp3
1168=C:\Program Files\Age of Empires II\Taunt\08 All hail.mp3
1169=C:\Program Files\Age of Empires II\Taunt\09 Oooh.mp3
1170=C:\Program Files\Age of Empires II\Taunt\10 Back to Age 1.mp3
1171=C:\Program Files\Age of Empires II\Taunt\11 Herb laugh.mp3
1172=C:\Program Files\Age of Empires II\Taunt\12 Being rushed.mp3
1173=C:\Program Files\Age of Empires II\Taunt\13 Blame your isp.mp3
1174=C:\Program Files\Age of Empires II\Taunt\14 Start the game.mp3
1175=C:\Program Files\Age of Empires II\Taunt\15 Don't Point That Thing.mp3
1176=C:\Program Files\Age of Empires II\Taunt\16 Enemy Sighted.mp3
1177=C:\Program Files\Age of Empires II\Taunt\17 It Is Good.mp3
1178=C:\Program Files\Age of Empires II\Taunt\18 I Need a Monk.mp3
1179=C:\Program Files\Age of Empires II\Taunt\19 Long Time No Siege.mp3
1180=C:\Program Files\Age of Empires II\Taunt\20 My granny.mp3
1181=C:\Program Files\Age of Empires II\Taunt\21 Nice Town I'll Take It.mp3
1182=C:\Program Files\Age of Empires II\Taunt\22 Quit Touchin.mp3
1183=C:\Program Files\Age of Empires II\Taunt\23 Raiding Party.mp3
1184=C:\Program Files\Age of Empires II\Taunt\24 Dadgum.mp3
1185=C:\Program Files\Age of Empires II\Taunt\25 Smite Me.mp3
1186=C:\Program Files\Age of Empires II\Taunt\26 The wonder.mp3
1187=C:\Program Files\Age of Empires II\Taunt\27 You play 2 hours.mp3
1188=C:\Program Files\Age of Empires II\Taunt\28 You Should See the Other Guy.mp3
1189=C:\Program Files\Age of Empires II\Taunt\29 Roggan.mp3
1190=C:\Program Files\Age of Empires II\Taunt\30 Wololo.mp3
1191=C:\Program Files\Age of Empires II\Taunt\31 Attack an Enemy Now.mp3
1192=C:\Program Files\Age of Empires II\Taunt\32 Cease Creating Extra Villagers.mp3
1193=C:\Program Files\Age of Empires II\Taunt\33 Create Extra Villagers.mp3
1194=C:\Program Files\Age of Empires II\Taunt\34 Build a Navy.mp3
1195=C:\Program Files\Age of Empires II\Taunt\35 Stop Building a Navy.mp3
1196=C:\Program Files\Age of Empires II\Taunt\36 Wait for My Signal to Attack.mp3
1197=C:\Program Files\Age of Empires II\Taunt\37 Build a Wonder.mp3
1198=C:\Program Files\Age of Empires II\Taunt\38 Give Me Your Extra Resources.mp3
1199=C:\Program Files\Age of Empires II\Taunt\39 Ally.mp3
1200=C:\Program Files\Age of Empires II\Taunt\40 Enemy.mp3
1201=C:\Program Files\Age of Empires II\Taunt\41 Neutral.mp3
1202=C:\Program Files\Age of Empires II\Taunt\42 What Age Are You In.mp3
1203=C:\Program Files\Age of Empires II\EBUEula.dll
1204=C:\Program Files\Age of Empires II\ebueulax.dll
1205=C:\Program Files\Age of Empires II\EBUSetup.sem
1206=C:\Program Files\Age of Empires II\empires2.exe
1207=C:\Program Files\Age of Empires II\EULA.RTF
1208=C:\Program Files\Age of Empires II\EULAx.RTF
1209=C:\Program Files\Age of Empires II\HA312W32.DLL
1210=C:\Program Files\Age of Empires II\language.dll
1211=C:\Program Files\Age of Empires II\language_x1.dll
1212=C:\Program Files\Age of Empires II\language_x1_p1.dll
1213=C:\Program Files\Age of Empires II\player.nfo
1214=C:\Program Files\Age of Empires II\player.nfp
1215=C:\Program Files\Age of Empires II\player.nfx
1216=C:\Program Files\Age of Empires II\player1.hki
1217=C:\Program Files\Age of Empires II\player4.hki
1218=C:\Program Files\Age of Empires II\Readme.rtf
1219=C:\Program Files\Age of Empires II\Readme_a.rtf
1220=C:\Program Files\Age of Empires II\Readmex.rtf
1221=C:\Program Files\Age of Empires II\ReadmeX_a.rtf
1222=C:\Program Files\Age of Empires II\scenariobkg.bmp
1223=C:\Program Files\Age of Empires II\setup.PIF
1224=C:\Program Files\Age of Empires II\SETUPENU.DLL
1225=C:\Program Files\Age of Empires II\SHW32.DLL
1226=C:\Program Files\Age of Empires II\STPENUX.DLL
1227=C:\ProgramData\Microsoft\Windows\Start Menu\Programs\Age of Empires II - The Conquerors Expansion\Age of Empires II - The Conquerors Expansion.lnk
1228=C:\ProgramData\Microsoft\Windows\Start Menu\Programs\Age of Empires II - The Conquerors Expansion\Age of Empires II.lnk
1229=C:\ProgramData\Microsoft\Windows\Start Menu\Programs\Age of Empires II - The Conquerors Expansion\Uninstall Age of Empires II - The Conquerors Expansion.lnk
[Fonts]
0=C:\Windows\Fonts\LBLACK.TTF
[RegKeys]
0=HKEY_LOCAL_MACHINE,SOFTWARE
count=192
1=HKEY_LOCAL_MACHINE,SOFTWARE\Microsoft
2=HKEY_LOCAL_MACHINE,SOFTWARE\Microsoft\DirectPlay
3=HKEY_LOCAL_MACHINE,SOFTWARE\Microsoft\DirectPlay\Applications
4=HKEY_LOCAL_MACHINE,SOFTWARE\Microsoft\DirectPlay\Applications\Age of Empires II
5=HKEY_LOCAL_MACHINE,SOFTWARE
6=HKEY_LOCAL_MACHINE,SOFTWARE\Microsoft
7=HKEY_LOCAL_MACHINE,SOFTWARE\Microsoft\DirectPlay
8=HKEY_LOCAL_MACHINE,SOFTWARE\Microsoft\DirectPlay\Applications
9=HKEY_LOCAL_MACHINE,SOFTWARE\Microsoft\DirectPlay\Applications\Age of Empires II
10=HKEY_LOCAL_MACHINE,SOFTWARE
11=HKEY_LOCAL_MACHINE,SOFTWARE\Microsoft
12=HKEY_LOCAL_MACHINE,SOFTWARE\Microsoft\DirectPlay
13=HKEY_LOCAL_MACHINE,SOFTWARE\Microsoft\DirectPlay\Applications
14=HKEY_LOCAL_MACHINE,SOFTWARE\Microsoft\DirectPlay\Applications\Age of Empires II
15=HKEY_LOCAL_MACHINE,SOFTWARE
16=HKEY_LOCAL_MACHINE,SOFTWARE\Microsoft
17=HKEY_LOCAL_MACHINE,SOFTWARE\Microsoft\DirectPlay
18=HKEY_LOCAL_MACHINE,SOFTWARE\Microsoft\DirectPlay\Applications
19=HKEY_LOCAL_MACHINE,SOFTWARE\Microsoft\DirectPlay\Applications\Age of Empires II
20=HKEY_LOCAL_MACHINE,SOFTWARE
21=HKEY_LOCAL_MACHINE,SOFTWARE\Microsoft
22=HKEY_LOCAL_MACHINE,SOFTWARE\Microsoft\DirectPlay
23=HKEY_LOCAL_MACHINE,SOFTWARE\Microsoft\DirectPlay\Applications
24=HKEY_LOCAL_MACHINE,SOFTWARE\Microsoft\DirectPlay\Applications\Age of Empires II
25=HKEY_LOCAL_MACHINE,SOFTWARE
26=HKEY_LOCAL_MACHINE,SOFTWARE\Microsoft
27=HKEY_LOCAL_MACHINE,SOFTWARE\Microsoft\DirectPlay
28=HKEY_LOCAL_MACHINE,SOFTWARE\Microsoft\DirectPlay\Applications
29=HKEY_LOCAL_MACHINE,SOFTWARE\Microsoft\DirectPlay\Applications\Age of Empires II
30=HKEY_LOCAL_MACHINE,SOFTWARE
31=HKEY_LOCAL_MACHINE,SOFTWARE\Microsoft
32=HKEY_LOCAL_MACHINE,SOFTWARE\Microsoft\DirectPlay
33=HKEY_LOCAL_MACHINE,SOFTWARE\Microsoft\DirectPlay\Applications
34=HKEY_LOCAL_MACHINE,SOFTWARE\Microsoft\DirectPlay\Applications\Age of Empires II - The Conquerors Expansion
35=HKEY_LOCAL_MACHINE,SOFTWARE
36=HKEY_LOCAL_MACHINE,SOFTWARE\Microsoft
37=HKEY_LOCAL_MACHINE,SOFTWARE\Microsoft\DirectPlay
38=HKEY_LOCAL_MACHINE,SOFTWARE\Microsoft\DirectPlay\Applications
39=HKEY_LOCAL_MACHINE,SOFTWARE\Microsoft\DirectPlay\Applications\Age of Empires II - The Conquerors Expansion
40=HKEY_LOCAL_MACHINE,SOFTWARE
41=HKEY_LOCAL_MACHINE,SOFTWARE\Microsoft
42=HKEY_LOCAL_MACHINE,SOFTWARE\Microsoft\DirectPlay
43=HKEY_LOCAL_MACHINE,SOFTWARE\Microsoft\DirectPlay\Applications
44=HKEY_LOCAL_MACHINE,SOFTWARE\Microsoft\DirectPlay\Applications\Age of Empires II - The Conquerors Expansion
45=HKEY_LOCAL_MACHINE,SOFTWARE
46=HKEY_LOCAL_MACHINE,SOFTWARE\Microsoft
47=HKEY_LOCAL_MACHINE,SOFTWARE\Microsoft\DirectPlay
48=HKEY_LOCAL_MACHINE,SOFTWARE\Microsoft\DirectPlay\Applications
49=HKEY_LOCAL_MACHINE,SOFTWARE\Microsoft\DirectPlay\Applications\Age of Empires II - The Conquerors Expansion
50=HKEY_LOCAL_MACHINE,SOFTWARE
51=HKEY_LOCAL_MACHINE,SOFTWARE\Microsoft
52=HKEY_LOCAL_MACHINE,SOFTWARE\Microsoft\DirectPlay
53=HKEY_LOCAL_MACHINE,SOFTWARE\Microsoft\DirectPlay\Applications
54=HKEY_LOCAL_MACHINE,SOFTWARE\Microsoft\DirectPlay\Applications\Age of Empires II - The Conquerors Expansion
55=HKEY_LOCAL_MACHINE,SOFTWARE
56=HKEY_LOCAL_MACHINE,SOFTWARE\Microsoft
57=HKEY_LOCAL_MACHINE,SOFTWARE\Microsoft\DirectPlay
58=HKEY_LOCAL_MACHINE,SOFTWARE\Microsoft\DirectPlay\Applications
59=HKEY_LOCAL_MACHINE,SOFTWARE\Microsoft\DirectPlay\Applications\Age of Empires II - The Conquerors Expansion
60=HKEY_LOCAL_MACHINE,SOFTWARE
61=HKEY_LOCAL_MACHINE,SOFTWARE\Microsoft
62=HKEY_LOCAL_MACHINE,SOFTWARE\Microsoft\Microsoft Games
63=HKEY_LOCAL_MACHINE,SOFTWARE\Microsoft\Microsoft Games\Age of Empires
64=HKEY_LOCAL_MACHINE,SOFTWARE\Microsoft\Microsoft Games\Age of Empires\2.0
65=HKEY_LOCAL_MACHINE,SOFTWARE
66=HKEY_LOCAL_MACHINE,SOFTWARE\Microsoft
67=HKEY_LOCAL_MACHINE,SOFTWARE\Microsoft\Microsoft Games
68=HKEY_LOCAL_MACHINE,SOFTWARE\Microsoft\Microsoft Games\Age of Empires
69=HKEY_LOCAL_MACHINE,SOFTWARE\Microsoft\Microsoft Games\Age of Empires\2.0
70=HKEY_LOCAL_MACHINE,SOFTWARE
71=HKEY_LOCAL_MACHINE,SOFTWARE\Microsoft
72=HKEY_LOCAL_MACHINE,SOFTWARE\Microsoft\Microsoft Games
73=HKEY_LOCAL_MACHINE,SOFTWARE\Microsoft\Microsoft Games\Age of Empires
74=HKEY_LOCAL_MACHINE,SOFTWARE\Microsoft\Microsoft Games\Age of Empires\2.0
75=HKEY_LOCAL_MACHINE,SOFTWARE
76=HKEY_LOCAL_MACHINE,SOFTWARE\Microsoft
77=HKEY_LOCAL_MACHINE,SOFTWARE\Microsoft\Microsoft Games
78=HKEY_LOCAL_MACHINE,SOFTWARE\Microsoft\Microsoft Games\Age of Empires
79=HKEY_LOCAL_MACHINE,SOFTWARE\Microsoft\Microsoft Games\Age of Empires\2.0
80=HKEY_LOCAL_MACHINE,SOFTWARE
81=HKEY_LOCAL_MACHINE,SOFTWARE\Microsoft
82=HKEY_LOCAL_MACHINE,SOFTWARE\Microsoft\Microsoft Games
83=HKEY_LOCAL_MACHINE,SOFTWARE\Microsoft\Microsoft Games\Age of Empires
84=HKEY_LOCAL_MACHINE,SOFTWARE\Microsoft\Microsoft Games\Age of Empires\2.0
85=HKEY_LOCAL_MACHINE,SOFTWARE
86=HKEY_LOCAL_MACHINE,SOFTWARE\Microsoft
87=HKEY_LOCAL_MACHINE,SOFTWARE\Microsoft\Microsoft Games
88=HKEY_LOCAL_MACHINE,SOFTWARE\Microsoft\Microsoft Games\Age of Empires
89=HKEY_LOCAL_MACHINE,SOFTWARE\Microsoft\Microsoft Games\Age of Empires\2.0
90=HKEY_LOCAL_MACHINE,SOFTWARE
91=HKEY_LOCAL_MACHINE,SOFTWARE\Microsoft
92=HKEY_LOCAL_MACHINE,SOFTWARE\Microsoft\Microsoft Games
93=HKEY_LOCAL_MACHINE,SOFTWARE\Microsoft\Microsoft Games\Age of Empires
94=HKEY_LOCAL_MACHINE,SOFTWARE\Microsoft\Microsoft Games\Age of Empires\2.0
95=HKEY_LOCAL_MACHINE,SOFTWARE
96=HKEY_LOCAL_MACHINE,SOFTWARE\Microsoft
97=HKEY_LOCAL_MACHINE,SOFTWARE\Microsoft\Microsoft Games
98=HKEY_LOCAL_MACHINE,SOFTWARE\Microsoft\Microsoft Games\Age of Empires
99=HKEY_LOCAL_MACHINE,SOFTWARE\Microsoft\Microsoft Games\Age of Empires\2.0
100=HKEY_LOCAL_MACHINE,SOFTWARE
101=HKEY_LOCAL_MACHINE,SOFTWARE\Microsoft
102=HKEY_LOCAL_MACHINE,SOFTWARE\Microsoft\Microsoft Games
103=HKEY_LOCAL_MACHINE,SOFTWARE\Microsoft\Microsoft Games\Age of Empires
104=HKEY_LOCAL_MACHINE,SOFTWARE\Microsoft\Microsoft Games\Age of Empires\2.0
105=HKEY_LOCAL_MACHINE,SOFTWARE
106=HKEY_LOCAL_MACHINE,SOFTWARE\Microsoft
107=HKEY_LOCAL_MACHINE,SOFTWARE\Microsoft\Microsoft Games
108=HKEY_LOCAL_MACHINE,SOFTWARE\Microsoft\Microsoft Games\Age of Empires
109=HKEY_LOCAL_MACHINE,SOFTWARE\Microsoft\Microsoft Games\Age of Empires\2.0
110=HKEY_LOCAL_MACHINE,SOFTWARE
111=HKEY_LOCAL_MACHINE,SOFTWARE\Microsoft
112=HKEY_LOCAL_MACHINE,SOFTWARE\Microsoft\Microsoft Games
113=HKEY_LOCAL_MACHINE,SOFTWARE\Microsoft\Microsoft Games\Age of Empires
114=HKEY_LOCAL_MACHINE,SOFTWARE\Microsoft\Microsoft Games\Age of Empires\2.0
115=HKEY_LOCAL_MACHINE,SOFTWARE
116=HKEY_LOCAL_MACHINE,SOFTWARE\Microsoft
117=HKEY_LOCAL_MACHINE,SOFTWARE\Microsoft\Microsoft Games
118=HKEY_LOCAL_MACHINE,SOFTWARE\Microsoft\Microsoft Games\Age of Empires
119=HKEY_LOCAL_MACHINE,SOFTWARE\Microsoft\Microsoft Games\Age of Empires\2.0
120=HKEY_LOCAL_MACHINE,SOFTWARE
121=HKEY_LOCAL_MACHINE,SOFTWARE\Microsoft
122=HKEY_LOCAL_MACHINE,SOFTWARE\Microsoft\Microsoft Games
123=HKEY_LOCAL_MACHINE,SOFTWARE\Microsoft\Microsoft Games\Age of Empires
124=HKEY_LOCAL_MACHINE,SOFTWARE\Microsoft\Microsoft Games\Age of Empires\2.0
125=HKEY_LOCAL_MACHINE,SOFTWARE
126=HKEY_LOCAL_MACHINE,SOFTWARE\Microsoft
127=HKEY_LOCAL_MACHINE,SOFTWARE\Microsoft\Microsoft Games
128=HKEY_LOCAL_MACHINE,SOFTWARE\Microsoft\Microsoft Games\Age of Empires
129=HKEY_LOCAL_MACHINE,SOFTWARE\Microsoft\Microsoft Games\Age of Empires\2.0
130=HKEY_LOCAL_MACHINE,SOFTWARE\Microsoft\Microsoft Games\Age of Empires\2.0\EULA
131=HKEY_LOCAL_MACHINE,SOFTWARE
132=HKEY_LOCAL_MACHINE,SOFTWARE\Microsoft
133=HKEY_LOCAL_MACHINE,SOFTWARE\Microsoft\Microsoft Games
134=HKEY_LOCAL_MACHINE,SOFTWARE\Microsoft\Microsoft Games\Age of Empires II: The Conquerors Expansion
135=HKEY_LOCAL_MACHINE,SOFTWARE\Microsoft\Microsoft Games\Age of Empires II: The Conquerors Expansion\1.0
136=HKEY_LOCAL_MACHINE,SOFTWARE
137=HKEY_LOCAL_MACHINE,SOFTWARE\Microsoft
138=HKEY_LOCAL_MACHINE,SOFTWARE\Microsoft\Microsoft Games
139=HKEY_LOCAL_MACHINE,SOFTWARE\Microsoft\Microsoft Games\Age of Empires II: The Conquerors Expansion
140=HKEY_LOCAL_MACHINE,SOFTWARE\Microsoft\Microsoft Games\Age of Empires II: The Conquerors Expansion\1.0
141=HKEY_LOCAL_MACHINE,SOFTWARE
142=HKEY_LOCAL_MACHINE,SOFTWARE\Microsoft
143=HKEY_LOCAL_MACHINE,SOFTWARE\Microsoft\Microsoft Games
144=HKEY_LOCAL_MACHINE,SOFTWARE\Microsoft\Microsoft Games\Age of Empires II: The Conquerors Expansion
145=HKEY_LOCAL_MACHINE,SOFTWARE\Microsoft\Microsoft Games\Age of Empires II: The Conquerors Expansion\1.0
146=HKEY_LOCAL_MACHINE,SOFTWARE
147=HKEY_LOCAL_MACHINE,SOFTWARE\Microsoft
148=HKEY_LOCAL_MACHINE,SOFTWARE\Microsoft\Microsoft Games
149=HKEY_LOCAL_MACHINE,SOFTWARE\Microsoft\Microsoft Games\Age of Empires II: The Conquerors Expansion
150=HKEY_LOCAL_MACHINE,SOFTWARE\Microsoft\Microsoft Games\Age of Empires II: The Conquerors Expansion\1.0
151=HKEY_LOCAL_MACHINE,SOFTWARE
152=HKEY_LOCAL_MACHINE,SOFTWARE\Microsoft
153=HKEY_LOCAL_MACHINE,SOFTWARE\Microsoft\Microsoft Games
154=HKEY_LOCAL_MACHINE,SOFTWARE\Microsoft\Microsoft Games\Age of Empires II: The Conquerors Expansion
155=HKEY_LOCAL_MACHINE,SOFTWARE\Microsoft\Microsoft Games\Age of Empires II: The Conquerors Expansion\1.0
156=HKEY_LOCAL_MACHINE,SOFTWARE
157=HKEY_LOCAL_MACHINE,SOFTWARE\Microsoft
158=HKEY_LOCAL_MACHINE,SOFTWARE\Microsoft\Microsoft Games
159=HKEY_LOCAL_MACHINE,SOFTWARE\Microsoft\Microsoft Games\Age of Empires II: The Conquerors Expansion
160=HKEY_LOCAL_MACHINE,SOFTWARE\Microsoft\Microsoft Games\Age of Empires II: The Conquerors Expansion\1.0
161=HKEY_LOCAL_MACHINE,SOFTWARE
162=HKEY_LOCAL_MACHINE,SOFTWARE\Microsoft
163=HKEY_LOCAL_MACHINE,SOFTWARE\Microsoft\Microsoft Games
164=HKEY_LOCAL_MACHINE,SOFTWARE\Microsoft\Microsoft Games\Age of Empires II: The Conquerors Expansion
165=HKEY_LOCAL_MACHINE,SOFTWARE\Microsoft\Microsoft Games\Age of Empires II: The Conquerors Expansion\1.0
166=HKEY_LOCAL_MACHINE,SOFTWARE
167=HKEY_LOCAL_MACHINE,SOFTWARE\Microsoft
168=HKEY_LOCAL_MACHINE,SOFTWARE\Microsoft\Microsoft Games
169=HKEY_LOCAL_MACHINE,SOFTWARE\Microsoft\Microsoft Games\Age of Empires II: The Conquerors Expansion
170=HKEY_LOCAL_MACHINE,SOFTWARE\Microsoft\Microsoft Games\Age of Empires II: The Conquerors Expansion\1.0
171=HKEY_LOCAL_MACHINE,SOFTWARE
172=HKEY_LOCAL_MACHINE,SOFTWARE\Microsoft
173=HKEY_LOCAL_MACHINE,SOFTWARE\Microsoft\Microsoft Games
174=HKEY_LOCAL_MACHINE,SOFTWARE\Microsoft\Microsoft Games\Age of Empires II: The Conquerors Expansion
175=HKEY_LOCAL_MACHINE,SOFTWARE\Microsoft\Microsoft Games\Age of Empires II: The Conquerors Expansion\1.0
176=HKEY_LOCAL_MACHINE,SOFTWARE
177=HKEY_LOCAL_MACHINE,SOFTWARE\Microsoft
178=HKEY_LOCAL_MACHINE,SOFTWARE\Microsoft\Microsoft Games
179=HKEY_LOCAL_MACHINE,SOFTWARE\Microsoft\Microsoft Games\Age of Empires II: The Conquerors Expansion
180=HKEY_LOCAL_MACHINE,SOFTWARE\Microsoft\Microsoft Games\Age of Empires II: The Conquerors Expansion\1.0
181=HKEY_LOCAL_MACHINE,SOFTWARE
182=HKEY_LOCAL_MACHINE,SOFTWARE\Microsoft
183=HKEY_LOCAL_MACHINE,SOFTWARE\Microsoft\Microsoft Games
184=HKEY_LOCAL_MACHINE,SOFTWARE\Microsoft\Microsoft Games\Age of Empires II: The Conquerors Expansion
185=HKEY_LOCAL_MACHINE,SOFTWARE\Microsoft\Microsoft Games\Age of Empires II: The Conquerors Expansion\1.0
186=HKEY_LOCAL_MACHINE,SOFTWARE
187=HKEY_LOCAL_MACHINE,SOFTWARE\Microsoft
188=HKEY_LOCAL_MACHINE,SOFTWARE\Microsoft\Microsoft Games
189=HKEY_LOCAL_MACHINE,SOFTWARE\Microsoft\Microsoft Games\Age of Empires II: The Conquerors Expansion
190=HKEY_LOCAL_MACHINE,SOFTWARE\Microsoft\Microsoft Games\Age of Empires II: The Conquerors Expansion\1.0
191=HKEY_LOCAL_MACHINE,SOFTWARE\Microsoft\Microsoft Games\Age of Empires II: The Conquerors Expansion\1.0\EULA
[RegNames2]
0=HKEY_LOCAL_MACHINE||SOFTWARE\Microsoft\DirectPlay\Applications\Age of Empires II||CurrentDirectory||1||C:\Users\lkpit10ekma\Downloads\aoe2\aoe2\||121997854
count=17
1=HKEY_LOCAL_MACHINE||SOFTWARE\Microsoft\DirectPlay\Applications\Age of Empires II||File||1||Empires2.Exe||687238487
2=HKEY_LOCAL_MACHINE||SOFTWARE\Microsoft\DirectPlay\Applications\Age of Empires II||Path||1||C:\Users\lkpit10ekma\Downloads\aoe2\aoe2\||121997854
3=HKEY_LOCAL_MACHINE||SOFTWARE\Microsoft\DirectPlay\Applications\Age of Empires II - The Conquerors Expansion||CommandLine||1||lobby||4139477329
4=HKEY_LOCAL_MACHINE||SOFTWARE\Microsoft\DirectPlay\Applications\Age of Empires II - The Conquerors Expansion||CurrentDirectory||1||C:\Users\lkpit10ekma\Downloads\aoe2\aoe2\||121997854
5=HKEY_LOCAL_MACHINE||SOFTWARE\Microsoft\DirectPlay\Applications\Age of Empires II - The Conquerors Expansion||File||1||\age2_x1.exe||3584166972
6=HKEY_LOCAL_MACHINE||SOFTWARE\Microsoft\DirectPlay\Applications\Age of Empires II - The Conquerors Expansion||Path||1||C:\Users\lkpit10ekma\Downloads\aoe2\aoe2\||1187257912
7=HKEY_LOCAL_MACHINE||SOFTWARE\Microsoft\Microsoft Games\Age of Empires\2.0||CDPath||1||C:\Users\lkpit10ekma\Downloads\aoe2\aoe2\||121997854
8=HKEY_LOCAL_MACHINE||SOFTWARE\Microsoft\Microsoft Games\Age of Empires\2.0||Custom Mouse|| || ||558161692
9=HKEY_LOCAL_MACHINE||SOFTWARE\Microsoft\Microsoft Games\Age of Empires\2.0||EXE Path||1||C:\Users\lkpit10ekma\Downloads\aoe2\aoe2\||121997854
10=HKEY_LOCAL_MACHINE||SOFTWARE\Microsoft\Microsoft Games\Age of Empires\2.0||InstallationDirectory||1||C:\Users\lkpit10ekma\Downloads\aoe2\aoe2\||121997854
11=HKEY_LOCAL_MACHINE||SOFTWARE\Microsoft\Microsoft Games\Age of Empires\2.0||Version||1||2.0a||2896774798
12=HKEY_LOCAL_MACHINE||SOFTWARE\Microsoft\Microsoft Games\Age of Empires II: The Conquerors Expansion\1.0||CDPath||1||C:\Users\lkpit10ekma\Downloads\aoe2\aoe2\||121997854
13=HKEY_LOCAL_MACHINE||SOFTWARE\Microsoft\Microsoft Games\Age of Empires II: The Conquerors Expansion\1.0||Custom Mouse|| || ||558161692
14=HKEY_LOCAL_MACHINE||SOFTWARE\Microsoft\Microsoft Games\Age of Empires II: The Conquerors Expansion\1.0||EXE Path||1||C:\Users\lkpit10ekma\Downloads\aoe2\aoe2\||121997854
15=HKEY_LOCAL_MACHINE||SOFTWARE\Microsoft\Microsoft Games\Age of Empires II: The Conquerors Expansion\1.0||Processor Speed|| || ||3118264608
16=HKEY_LOCAL_MACHINE||SOFTWARE\Microsoft\Microsoft Games\Age of Empires II: The Conquerors Expansion\1.0||Version||1||1||3853600624
[Strings]
IDS_STRING1=Are you sure you want to completely remove the selected application and all of its components?
IDS_STRING2=Confirm File Deletion
IDS_STRING3=The system indicates that the following shared file is no longer used by any programs.
IDS_STRING4=Remove Shared File?
IDS_STRING5=Uninstall successfully completed.
IDS_STRING6=Uninstall
IDS_STRING7=If any programs are still using this file and it is removed, those programs may not function. Are you sure you want to remove the shared file?
IDS_STRING8=Uninstall was partially successful.
IDS_ADMINPRIVILEGESNEEDED=Administrative privileges are needed to uninstall this software.
IDS_YES=&Yes
IDS_NO=&No
IDS_YESTOALL=Yes to &All
IDS_REMOVINGFILE=Removing File:
